Unity Player [version: Unity 5.5.0b11_03364468e96e]

Inoha.exe caused an Access Violation (0xc0000005)
  in module Inoha.exe at 0023:008f3bdb.

Error occurred at 2016-12-01_144428.
D:\Projects\Unity\IndieGame\Inoha.exe, run by alex.
61% memory in use.
0 MB physical memory [0 MB free].
0 MB paging file [2886 MB free].
0 MB user address space [3581 MB free].
Write to location 3ddd61f8 caused an access violation.

Context:
EDI:    0x0412d534  ESI: 0x00000017  EAX:   0x0000001e
EBX:    0x03e5a030  ECX: 0x3db6cfd4  EDX:   0x3ddd61ec
EIP:    0x008f3bdb  EBP: 0x0158ecbc  SegCs: 0x00000023
EFlags: 0x00210206  ESP: 0x0158ecb4  SegSs: 0x0000002b

Bytes at CS:EIP:
89 4a 0c 89 51 08 8b ce c1 e1 05 03 c8 39 7c 8b 

Stack:
0x0158ecb4: 0412d1ac 03e5a030 0158ecd4 008f429d ....0.....X..B..
0x0158ecc4: 03e5a030 036118e0 0412d1d0 01221ac0 0.....a.......".
0x0158ecd4: 0158ecf8 001f1d98 03e5a030 0412d1d0 ..X.....0.......
0x0158ece4: 0412d1d0 00000002 03963b20 000000f4 ........ ;......
0x0158ecf4: 01221ac0 0158ed20 001f0dc7 0012d1d0 ..". .X.........
0x0158ed04: 01221ac0 01221b80 000000f4 001f0e3c .."...".....<...
0x0158ed14: 000000f4 00000010 012208b0 0158ed58 ..........".X.X.
0x0158ed24: 001f33f3 000000f4 00000010 000000f4 .3..............
0x0158ed34: 00000004 00000000 0158edf4 0158edf4 ..........X...X.
0x0158ed44: 174fd178 0d59daa0 00000001 00000003 x.O...Y.........
0x0158ed54: 00000000 0158eda4 001f34c4 000000f4 ......X..4......
0x0158ed64: 00000004 00000044 00000000 01024eb8 ....D........N..
0x0158ed74: 000001d0 000000f4 043862e0 00000001 .........b8.....
0x0158ed84: 00000000 00000000 045f5a60 0158edd0 ........`Z_...X.
0x0158ed94: 0158edd0 0158edd0 0622b090 012208b0 ..X...X..."...".
0x0158eda4: 0158edc8 001f3836 00000000 000000f4 ..X.68..........
0x0158edb4: 00000004 00000044 00000000 01024eb8 ....D........N..
0x0158edc4: 000001d0 0158edf4 003d2776 00000000 ......X.v'=.....
0x0158edd4: 000000f4 00000004 00000044 00000000 ........D.......
0x0158ede4: 01024eb8 000001d0 00000000 04386220 .N.......... b8.
0x0158edf4: 0158ee10 003d29fa 00000001 00000000 ..X..)=.........
0x0158ee04: 17506dac 17506dac 00000000 0158ee90 .mP..mP.......X.
0x0158ee14: 003d2a6b 00000001 040cc680 04386220 k*=......... b8.
0x0158ee24: 17506dac 00000000 00000000 00000000 .mP.............
0x0158ee34: 00000692 00000000 00000000 0158ef0c ..............X.
0x0158ee44: 0043b65a 174eec68 00000014 040cc074 Z.C.h.N.....t...
0x0158ee54: 00000000 174f9070 00000001 0158ef64 ....p.O.....d.X.
0x0158ee64: 174f9070 03d3f040 03000300 02000000 p.O.@...........
0x0158ee74: 00000000 04000000 0622b090 00000000 ..........".....
0x0158ee84: 062349d0 045f5a60 0058eee4 0158eee4 .I#.`Z_...X...X.
0x0158ee94: 003d2c05 04386220 17506dac 039517b0 .,=. b8..mP.....
0x0158eea4: 040cc680 00000002 00000001 00000000 ................
0x0158eeb4: 0158ef18 040cc680 0158ef64 10300220 ..X.....d.X. .0.
0x0158eec4: 00000000 00000000 00000000 00000000 ................
0x0158eed4: 00000000 00000000 00000000 17506dac .............mP.
0x0158eee4: 0158ef30 0027acc2 04386220 17506dac 0.X...'. b8..mP.
0x0158eef4: 039517b0 040cc680 00000002 00000001 ................
0x0158ef04: 00000000 0158ef18 00000000 174fc5e0 ......X.......O.
0x0158ef14: 17506308 00000000 00000000 00000000 .cP.............
0x0158ef24: 00000000 00000000 00000000 0158f0b4 ..............X.
0x0158ef34: 00290400 17506dac 04386220 039517b0 ..)..mP. b8.....
0x0158ef44: 000cc680 00000002 00000000 00000000 ................
0x0158ef54: 00000000 00000000 17506da0 00000001 .........mP.....
0x0158ef64: 045f5a68 045f5a60 0102b028 00000001 hZ_.`Z_.(.......
0x0158ef74: 00000000 00000000 00000000 00000000 ................
0x0158ef84: 00000000 00000000 00000000 00000001 ................
0x0158ef94: 00000000 00000000 00000000 00000001 ................
0x0158efa4: 00000000 00000000 00000000 00000001 ................
0x0158efb4: 00000000 00000000 00000000 00000000 ................
0x0158efc4: 00000001 13a3f501 00000000 00000001 ................
0x0158efd4: 00000000 00000000 03d3f040 00000001 ........@.......
0x0158efe4: 00000000 00000080 00000101 0158f0bf ..............X.
0x0158eff4: 174eec68 002bb450 0043b110 00000003 h.N.P.+...C.....
0x0158f004: 040cc074 000000f1 00000000 00000000 t...............
0x0158f014: 00000000 00000000 00000000 00000000 ................
0x0158f024: 00000000 00000000 01000000 00000000 ................
0x0158f034: 0158f000 00000000 00000000 00000000 ..X.............
0x0158f044: 00000318 00000000 00000000 00000000 ................
0x0158f054: 00000004 0158ef64 045f5a68 00000000 ....d.X.hZ_.....
0x0158f064: 174eec68 00000002 00000000 00000000 h.N.............
0x0158f074: 00000014 00000000 04386220 039517b0 ........ b8.....
0x0158f084: 040cc680 00000000 ffffffff 04386220 ............ b8.
0x0158f094: 039517b0 040cc680 00000000 ffffffff ................
0x0158f0a4: 00000038 000000a8 045f5a60 17506dac 8.......`Z_..mP.
0x0158f0b4: 0158f0d4 0043fdd8 17506da0 175061d0 ..X...C..mP..aP.
0x0158f0c4: 045f5a60 175061ec 0158f140 045f5a60 `Z_..aP.@.X.`Z_.
0x0158f0d4: 0158f124 008e6c7d 00000001 00290220 $.X.}l...... .).
0x0158f0e4: 0158f140 175061d0 175061ec 175061d0 @.X..aP..aP..aP.
0x0158f0f4: 17506fd0 03e74ee4 17506dd0 0158f120 .oP..N...mP. .X.
0x0158f104: 003f2072 17506fd0 03f97ba0 045f5a60 r ?..oP..{..`Z_.
0x0158f114: 03e74ec0 17506dac 0158f140 0158f134 .N...mP.@.X.4.X.
0x0158f124: 0158f180 00290c03 00000001 00290220 ..X...)..... .).
0x0158f134: 0158f140 175061d0 175061ec 17506da0 @.X..aP..aP..mP.
0x0158f144: 00000001 00290b01 174eec68 175061d0 ......).h.N..aP.
0x0158f154: 045f5a60 00000000 00000000 00000000 `Z_.............
0x0158f164: 00000005 175061d0 0000003f c2009c00 .....aP.?.......
0x0158f174: 0000003f 00000001 00000001 0158f194 ?.............X.
0x0158f184: 00290d2d 03e74ec0 03e74ec0 13a3f5e0 -.)..N...N......
0x0158f194: 01597278 00227551 174eec60 0159f96c xrY.Qu".`.N.l.Y.
0x0158f1a4: 00000000 03e74ec0 0159f460 174eec60 .....N..`.Y.`.N.
0x0158f1b4: 00000004 00000000 00000001 00000000 ................
0x0158f1c4: 00000000 00000001 0102a830 0158f1e4 ........0.....X.
0x0158f1d4: 001f2c04 03974530 00000000 03af9404 .,..0E..........
0x0158f1e4: 0158f1f4 001f2f80 03974530 00000008 ..X../..0E......
0x0158f1f4: 0158f24c 0023a3e8 03974530 13a3f5e0 L.X...#.0E......
0x0158f204: 03af93c0 03974530 0397453c 0397453c ....0E..<E..<E..
0x0158f214: 0000000b 00000000 00000000 13a3f5e0 ................
0x0158f224: 00000001 00000001 03e74ec0 0158f278 .........N..x.X.
0x0158f234: 0158f244 001f2fe2 00000000 00000001 D.X../..........
0x0158f244: 0158f268 03e74ec0 0158f278 0158f260 h.X..N..x.X.`.X.
0x0158f254: 001f2fe2 00000000 00000001 015972ac ./...........rY.
0x0158f264: 00261718 00000000 00000001 00000004 ..&.............
0x0158f274: 0028d8ae 00000000 00000001 00000000 ..(.............
0x0158f284: 00000000 00000001 0102a830 00000000 ........0.......
0x0158f294: 00000000 00000000 00000000 00000000 ................
0x0158f2a4: 00000000 00000000 00000000 00000000 ................
0x0158f2b4: 00000000 00000000 00000000 00000000 ................
0x0158f2c4: 00000000 00000000 00000000 00000000 ................
0x0158f2d4: 00000000 00000000 00000000 00000000 ................
0x0158f2e4: 00000000 00000000 00000000 00000000 ................
0x0158f2f4: 00000000 00000000 00000000 00000000 ................
0x0158f304: 00000000 00000000 00000000 00000000 ................
0x0158f314: 00000000 00000000 00000000 00000000 ................
0x0158f324: 00000000 00000000 00000000 00000000 ................
0x0158f334: 00000000 00000000 00000000 00000000 ................
0x0158f344: 00000000 00000000 00000000 00000000 ................
0x0158f354: 00000000 00000000 00000000 00000000 ................
0x0158f364: 00000000 00000000 00000000 00000000 ................
0x0158f374: 00000000 00000000 00000000 00000000 ................
0x0158f384: 00000000 00000000 00000000 00000000 ................
0x0158f394: 00000000 00000000 00000000 00000000 ................
0x0158f3a4: 00000000 00000000 00000000 00000000 ................
0x0158f3b4: 00000000 00000000 00000000 00000000 ................
0x0158f3c4: 00000000 00000000 00000000 00000000 ................
0x0158f3d4: 00000000 00000000 00000000 00000000 ................
0x0158f3e4: 00000000 00000000 00000000 00000000 ................
0x0158f3f4: 00000000 00000000 00000000 00000000 ................
0x0158f404: 00000000 00000000 00000000 00000000 ................
0x0158f414: 00000000 00000000 00000000 00000000 ................
0x0158f424: 00000000 00000000 00000000 00000000 ................
0x0158f434: 00000000 00000000 00000000 00000000 ................
0x0158f444: 00000000 00000000 00000000 00000000 ................
0x0158f454: 00000000 00000000 00000000 00000000 ................
0x0158f464: 00000000 00000000 00000000 00000000 ................
0x0158f474: 00000000 00000000 00000000 00000000 ................
0x0158f484: 00000000 00000000 00000000 00000000 ................
0x0158f494: 00000000 00000000 00000000 00000000 ................
0x0158f4a4: 00000000 00000000 00000000 00000000 ................
0x0158f4b4: 00000000 00000000 00000000 00000000 ................
0x0158f4c4: 00000000 00000000 00000000 00000000 ................
0x0158f4d4: 00000000 00000000 00000000 00000000 ................
0x0158f4e4: 00000000 00000000 00000000 00000000 ................
0x0158f4f4: 00000000 00000000 00000000 00000000 ................
0x0158f504: 00000000 00000000 00000000 00000000 ................
0x0158f514: 00000000 00000000 00000000 00000000 ................
0x0158f524: 00000000 00000000 00000000 00000000 ................
0x0158f534: 00000000 00000000 00000000 00000000 ................
0x0158f544: 00000000 00000000 00000000 00000000 ................
0x0158f554: 00000000 00000000 00000000 00000000 ................
0x0158f564: 00000000 00000000 00000000 00000000 ................
0x0158f574: 00000000 00000000 00000000 00000000 ................
0x0158f584: 00000000 00000000 00000000 00000000 ................
0x0158f594: 00000000 00000000 00000000 00000000 ................
0x0158f5a4: 00000000 00000000 00000000 00000000 ................
0x0158f5b4: 00000000 00000000 00000000 00000000 ................
0x0158f5c4: 00000000 00000000 00000000 00000000 ................
0x0158f5d4: 00000000 00000000 00000000 00000000 ................
0x0158f5e4: 00000000 00000000 00000000 00000000 ................
0x0158f5f4: 00000000 00000000 00000000 00000000 ................
0x0158f604: 00000000 00000000 00000000 00000000 ................
0x0158f614: 00000000 00000000 00000000 00000000 ................
0x0158f624: 00000000 00000000 00000000 00000000 ................
0x0158f634: 00000000 00000000 00000000 00000000 ................
0x0158f644: 00000000 00000000 00000000 00000000 ................
0x0158f654: 00000000 00000000 00000000 00000000 ................
0x0158f664: 00000000 00000000 00000000 00000000 ................
0x0158f674: 00000000 00000000 00000000 00000000 ................
0x0158f684: 00000000 00000000 00000000 00000000 ................
0x0158f694: 00000000 00000000 00000000 00000000 ................
0x0158f6a4: 00000000 00000000 00000000 00000000 ................
0x0158f6b4: 00000000 00000000 00000000 00000000 ................
0x0158f6c4: 00000000 00000000 00000000 00000000 ................
0x0158f6d4: 00000000 00000000 00000000 00000000 ................
0x0158f6e4: 00000000 00000000 00000000 00000000 ................
0x0158f6f4: 00000000 00000000 00000000 00000000 ................
0x0158f704: 00000000 00000000 00000000 00000000 ................
0x0158f714: 00000000 00000000 00000000 00000000 ................
0x0158f724: 00000000 00000000 00000000 00000000 ................
0x0158f734: 00000000 00000000 00000000 00000000 ................
0x0158f744: 00000000 00000000 00000000 00000000 ................
0x0158f754: 00000000 00000000 00000000 00000000 ................
0x0158f764: 00000000 00000000 00000000 00000000 ................
0x0158f774: 00000000 00000000 00000000 00000000 ................
0x0158f784: 00000000 00000000 00000000 00000000 ................
0x0158f794: 00000000 00000000 00000000 00000000 ................
0x0158f7a4: 00000000 00000000 00000000 00000000 ................
0x0158f7b4: 00000000 00000000 00000000 00000000 ................
0x0158f7c4: 00000000 00000000 00000000 00000000 ................
0x0158f7d4: 00000000 00000000 00000000 00000000 ................
0x0158f7e4: 00000000 00000000 00000000 00000000 ................
0x0158f7f4: 00000000 00000000 00000000 00000000 ................
0x0158f804: 00000000 00000000 00000000 00000000 ................
0x0158f814: 00000000 00000000 00000000 00000000 ................
0x0158f824: 00000000 00000000 00000000 00000000 ................
0x0158f834: 00000000 00000000 00000000 00000000 ................
0x0158f844: 00000000 00000000 00000000 00000000 ................
0x0158f854: 00000000 00000000 00000000 00000000 ................
0x0158f864: 00000000 00000000 00000000 00000000 ................
0x0158f874: 00000000 00000000 00000000 00000000 ................
0x0158f884: 00000000 00000000 00000000 00000000 ................
0x0158f894: 00000000 00000000 00000000 00000000 ................
0x0158f8a4: 00000000 00000000 00000000 00000000 ................
0x0158f8b4: 00000000 00000000 00000000 00000000 ................
0x0158f8c4: 00000000 00000000 00000000 00000000 ................
0x0158f8d4: 00000000 00000000 00000000 00000000 ................
0x0158f8e4: 00000000 00000000 00000000 00000000 ................
0x0158f8f4: 00000000 00000000 00000000 00000000 ................
0x0158f904: 00000000 00000000 00000000 00000000 ................
0x0158f914: 00000000 00000000 00000000 00000000 ................
0x0158f924: 00000000 00000000 00000000 00000000 ................
0x0158f934: 00000000 00000000 00000000 00000000 ................
0x0158f944: 00000000 00000000 00000000 00000000 ................
0x0158f954: 00000000 00000000 00000000 00000000 ................
0x0158f964: 00000000 00000000 00000000 00000000 ................
0x0158f974: 00000000 00000000 00000000 00000000 ................
0x0158f984: 00000000 00000000 00000000 00000000 ................
0x0158f994: 00000000 00000000 00000000 00000000 ................
0x0158f9a4: 00000000 00000000 00000000 00000000 ................
0x0158f9b4: 00000000 00000000 00000000 00000000 ................
0x0158f9c4: 00000000 00000000 00000000 00000000 ................
0x0158f9d4: 00000000 00000000 00000000 00000000 ................
0x0158f9e4: 00000000 00000000 00000000 00000000 ................
0x0158f9f4: 00000000 00000000 00000000 00000000 ................
0x0158fa04: 00000000 00000000 00000000 00000000 ................
0x0158fa14: 00000000 00000000 00000000 00000000 ................
0x0158fa24: 00000000 00000000 00000000 00000000 ................
0x0158fa34: 00000000 00000000 00000000 00000000 ................
0x0158fa44: 00000000 00000000 00000000 00000000 ................
0x0158fa54: 00000000 00000000 00000000 00000000 ................
0x0158fa64: 00000000 00000000 00000000 00000000 ................
0x0158fa74: 00000000 00000000 00000000 00000000 ................
0x0158fa84: 00000000 00000000 00000000 00000000 ................
0x0158fa94: 00000000 00000000 00000000 00000000 ................
0x0158faa4: 00000000 00000000 00000000 00000000 ................
0x0158fab4: 00000000 00000000 00000000 00000000 ................
0x0158fac4: 00000000 00000000 00000000 00000000 ................
0x0158fad4: 00000000 00000000 00000000 00000000 ................
0x0158fae4: 00000000 00000000 00000000 00000000 ................
0x0158faf4: 00000000 00000000 00000000 00000000 ................
0x0158fb04: 00000000 00000000 00000000 00000000 ................
0x0158fb14: 00000000 00000000 00000000 00000000 ................
0x0158fb24: 00000000 00000000 00000000 00000000 ................
0x0158fb34: 00000000 00000000 00000000 00000000 ................
0x0158fb44: 00000000 00000000 00000000 00000000 ................
0x0158fb54: 00000000 00000000 00000000 00000000 ................
0x0158fb64: 00000000 00000000 00000000 00000000 ................
0x0158fb74: 00000000 00000000 00000000 00000000 ................
0x0158fb84: 00000000 00000000 00000000 00000000 ................
0x0158fb94: 00000000 00000000 00000000 00000000 ................
0x0158fba4: 00000000 00000000 00000000 00000000 ................
0x0158fbb4: 00000000 00000000 00000000 00000000 ................
0x0158fbc4: 00000000 00000000 00000000 00000000 ................
0x0158fbd4: 00000000 00000000 00000000 00000000 ................
0x0158fbe4: 00000000 00000000 00000000 00000000 ................
0x0158fbf4: 00000000 00000000 00000000 00000000 ................
0x0158fc04: 00000000 00000000 00000000 00000000 ................
0x0158fc14: 00000000 00000000 00000000 00000000 ................
0x0158fc24: 00000000 00000000 00000000 00000000 ................
0x0158fc34: 00000000 00000000 00000000 00000000 ................
0x0158fc44: 00000000 00000000 00000000 00000000 ................
0x0158fc54: 00000000 00000000 00000000 00000000 ................
0x0158fc64: 00000000 00000000 00000000 00000000 ................
0x0158fc74: 00000000 00000000 00000000 00000000 ................
0x0158fc84: 00000000 00000000 00000000 00000000 ................
0x0158fc94: 00000000 00000000 00000000 00000000 ................
0x0158fca4: 00000000 00000000 00000000 00000000 ................
0x0158fcb4: 00000000 00000000 00000000 00000000 ................
0x0158fcc4: 00000000 00000000 00000000 00000000 ................
0x0158fcd4: 00000000 00000000 00000000 00000000 ................
0x0158fce4: 00000000 00000000 00000000 00000000 ................
0x0158fcf4: 00000000 00000000 00000000 00000000 ................
0x0158fd04: 00000000 00000000 00000000 00000000 ................
0x0158fd14: 00000000 00000000 00000000 00000000 ................
0x0158fd24: 00000000 00000000 00000000 00000000 ................
0x0158fd34: 00000000 00000000 00000000 00000000 ................
0x0158fd44: 00000000 00000000 00000000 00000000 ................
0x0158fd54: 00000000 00000000 00000000 00000000 ................
0x0158fd64: 00000000 00000000 00000000 00000000 ................
0x0158fd74: 00000000 00000000 00000000 00000000 ................
0x0158fd84: 00000000 00000000 00000000 00000000 ................
0x0158fd94: 00000000 00000000 00000000 00000000 ................
0x0158fda4: 00000000 00000000 00000000 00000000 ................
0x0158fdb4: 00000000 00000000 00000000 00000000 ................
0x0158fdc4: 00000000 00000000 00000000 00000000 ................
0x0158fdd4: 00000000 00000000 00000000 00000000 ................
0x0158fde4: 00000000 00000000 00000000 00000000 ................
0x0158fdf4: 00000000 00000000 00000000 00000000 ................
0x0158fe04: 00000000 00000000 00000000 00000000 ................
0x0158fe14: 00000000 00000000 00000000 00000000 ................
0x0158fe24: 00000000 00000000 00000000 00000000 ................
0x0158fe34: 00000000 00000000 00000000 00000000 ................
0x0158fe44: 00000000 00000000 00000000 00000000 ................
0x0158fe54: 00000000 00000000 00000000 00000000 ................
0x0158fe64: 00000000 00000000 00000000 00000000 ................
0x0158fe74: 00000000 00000000 00000000 00000000 ................
0x0158fe84: 00000000 00000000 00000000 00000000 ................
0x0158fe94: 00000000 00000000 00000000 00000000 ................
0x0158fea4: 00000000 00000000 00000000 00000000 ................
0x0158feb4: 00000000 00000000 00000000 00000000 ................
0x0158fec4: 00000000 00000000 00000000 00000000 ................
0x0158fed4: 00000000 00000000 00000000 00000000 ................
0x0158fee4: 00000000 00000000 00000000 00000000 ................
0x0158fef4: 00000000 00000000 00000000 00000000 ................
0x0158ff04: 00000000 00000000 00000000 00000000 ................
0x0158ff14: 00000000 00000000 00000000 00000000 ................
0x0158ff24: 00000000 00000000 00000000 00000000 ................
0x0158ff34: 00000000 00000000 00000000 00000000 ................
0x0158ff44: 00000000 00000000 00000000 00000000 ................
0x0158ff54: 00000000 00000000 00000000 00000000 ................
0x0158ff64: 00000000 00000000 00000000 00000000 ................
0x0158ff74: 00000000 00000000 00000000 00000000 ................
0x0158ff84: 00000000 00000000 00000000 00000000 ................
0x0158ff94: 00000000 00000000 00000000 00000000 ................
0x0158ffa4: 00000000 00000000 00000000 00000000 ................
0x0158ffb4: 00000000 00000000 00000000 00000000 ................
0x0158ffc4: 00000000 00000000 00000000 00000000 ................
0x0158ffd4: 00000000 00000000 00000000 00000000 ................
0x0158ffe4: 00000000 00000000 00000000 00000000 ................
0x0158fff4: 00000000 00000000 00000000 00000000 ................
0x01590004: 00000000 00000000 00000000 00000000 ................
0x01590014: 00000000 00000000 00000000 00000000 ................
0x01590024: 00000000 00000000 00000000 00000000 ................
0x01590034: 00000000 00000000 00000000 00000000 ................
0x01590044: 00000000 00000000 00000000 00000000 ................
0x01590054: 00000000 00000000 00000000 00000000 ................
0x01590064: 00000000 00000000 00000000 00000000 ................
0x01590074: 00000000 00000000 00000000 00000000 ................
0x01590084: 00000000 00000000 00000000 00000000 ................
0x01590094: 00000000 00000000 00000000 00000000 ................
0x015900a4: 00000000 00000000 00000000 00000000 ................
0x015900b4: 00000000 00000000 00000000 00000000 ................
0x015900c4: 00000000 00000000 00000000 00000000 ................
0x015900d4: 00000000 00000000 00000000 00000000 ................
0x015900e4: 00000000 00000000 00000000 00000000 ................
0x015900f4: 00000000 00000000 00000000 00000000 ................
0x01590104: 00000000 00000000 00000000 00000000 ................
0x01590114: 00000000 00000000 00000000 00000000 ................
0x01590124: 00000000 00000000 00000000 00000000 ................
0x01590134: 00000000 00000000 00000000 00000000 ................
0x01590144: 00000000 00000000 00000000 00000000 ................
0x01590154: 00000000 00000000 00000000 00000000 ................
0x01590164: 00000000 00000000 00000000 00000000 ................
0x01590174: 00000000 00000000 00000000 00000000 ................
0x01590184: 00000000 00000000 00000000 00000000 ................
0x01590194: 00000000 00000000 00000000 00000000 ................
0x015901a4: 00000000 00000000 00000000 00000000 ................
0x015901b4: 00000000 00000000 00000000 00000000 ................
0x015901c4: 00000000 00000000 00000000 00000000 ................
0x015901d4: 00000000 00000000 00000000 00000000 ................
0x015901e4: 00000000 00000000 00000000 00000000 ................
0x015901f4: 00000000 00000000 00000000 00000000 ................
0x01590204: 00000000 00000000 00000000 00000000 ................
0x01590214: 00000000 00000000 00000000 00000000 ................
0x01590224: 00000000 00000000 00000000 00000000 ................
0x01590234: 00000000 00000000 00000000 00000000 ................
0x01590244: 00000000 00000000 00000000 00000000 ................
0x01590254: 00000000 00000000 00000000 00000000 ................
0x01590264: 00000000 00000000 00000000 00000000 ................
0x01590274: 00000000 00000000 00000000 00000000 ................
0x01590284: 00000000 00000000 00000000 00000000 ................
0x01590294: 00000000 00000000 00000000 00000000 ................
0x015902a4: 00000000 00000000 00000000 00000000 ................
0x015902b4: 00000000 00000000 00000000 00000000 ................
0x015902c4: 00000000 00000000 00000000 00000000 ................
0x015902d4: 00000000 00000000 00000000 00000000 ................
0x015902e4: 00000000 00000000 00000000 00000000 ................
0x015902f4: 00000000 00000000 00000000 00000000 ................
0x01590304: 00000000 00000000 00000000 00000000 ................
0x01590314: 00000000 00000000 00000000 00000000 ................
0x01590324: 00000000 00000000 00000000 00000000 ................
0x01590334: 00000000 00000000 00000000 00000000 ................
0x01590344: 00000000 00000000 00000000 00000000 ................
0x01590354: 00000000 00000000 00000000 00000000 ................
0x01590364: 00000000 00000000 00000000 00000000 ................
0x01590374: 00000000 00000000 00000000 00000000 ................
0x01590384: 00000000 00000000 00000000 00000000 ................
0x01590394: 00000000 00000000 00000000 00000000 ................
0x015903a4: 00000000 00000000 00000000 00000000 ................
0x015903b4: 00000000 00000000 00000000 00000000 ................
0x015903c4: 00000000 00000000 00000000 00000000 ................
0x015903d4: 00000000 00000000 00000000 00000000 ................
0x015903e4: 00000000 00000000 00000000 00000000 ................
0x015903f4: 00000000 00000000 00000000 00000000 ................
0x01590404: 00000000 00000000 00000000 00000000 ................
0x01590414: 00000000 00000000 00000000 00000000 ................
0x01590424: 00000000 00000000 00000000 00000000 ................
0x01590434: 00000000 00000000 00000000 00000000 ................
0x01590444: 00000000 00000000 00000000 00000000 ................
0x01590454: 00000000 00000000 00000000 00000000 ................
0x01590464: 00000000 00000000 00000000 00000000 ................
0x01590474: 00000000 00000000 00000000 00000000 ................
0x01590484: 00000000 00000000 00000000 00000000 ................
0x01590494: 00000000 00000000 00000000 00000000 ................
0x015904a4: 00000000 00000000 00000000 00000000 ................
0x015904b4: 00000000 00000000 00000000 00000000 ................
0x015904c4: 00000000 00000000 00000000 00000000 ................
0x015904d4: 00000000 00000000 00000000 00000000 ................
0x015904e4: 00000000 00000000 00000000 00000000 ................
0x015904f4: 00000000 00000000 00000000 00000000 ................
0x01590504: 00000000 00000000 00000000 00000000 ................
0x01590514: 00000000 00000000 00000000 00000000 ................
0x01590524: 00000000 00000000 00000000 00000000 ................
0x01590534: 00000000 00000000 00000000 00000000 ................
0x01590544: 00000000 00000000 00000000 00000000 ................
0x01590554: 00000000 00000000 00000000 00000000 ................
0x01590564: 00000000 00000000 00000000 00000000 ................
0x01590574: 00000000 00000000 00000000 00000000 ................
0x01590584: 00000000 00000000 00000000 00000000 ................
0x01590594: 00000000 00000000 00000000 00000000 ................
0x015905a4: 00000000 00000000 00000000 00000000 ................
0x015905b4: 00000000 00000000 00000000 00000000 ................
0x015905c4: 00000000 00000000 00000000 00000000 ................
0x015905d4: 00000000 00000000 00000000 00000000 ................
0x015905e4: 00000000 00000000 00000000 00000000 ................
0x015905f4: 00000000 00000000 00000000 00000000 ................
0x01590604: 00000000 00000000 00000000 00000000 ................
0x01590614: 00000000 00000000 00000000 00000000 ................
0x01590624: 00000000 00000000 00000000 00000000 ................
0x01590634: 00000000 00000000 00000000 00000000 ................
0x01590644: 00000000 00000000 00000000 00000000 ................
0x01590654: 00000000 00000000 00000000 00000000 ................
0x01590664: 00000000 00000000 00000000 00000000 ................
0x01590674: 00000000 00000000 00000000 00000000 ................
0x01590684: 00000000 00000000 00000000 00000000 ................
0x01590694: 00000000 00000000 00000000 00000000 ................
0x015906a4: 00000000 00000000 00000000 00000000 ................
0x015906b4: 00000000 00000000 00000000 00000000 ................
0x015906c4: 00000000 00000000 00000000 00000000 ................
0x015906d4: 00000000 00000000 00000000 00000000 ................
0x015906e4: 00000000 00000000 00000000 00000000 ................
0x015906f4: 00000000 00000000 00000000 00000000 ................
0x01590704: 00000000 00000000 00000000 00000000 ................
0x01590714: 00000000 00000000 00000000 00000000 ................
0x01590724: 00000000 00000000 00000000 00000000 ................
0x01590734: 00000000 00000000 00000000 00000000 ................
0x01590744: 00000000 00000000 00000000 00000000 ................
0x01590754: 00000000 00000000 00000000 00000000 ................
0x01590764: 00000000 00000000 00000000 00000000 ................
0x01590774: 00000000 00000000 00000000 00000000 ................
0x01590784: 00000000 00000000 00000000 00000000 ................
0x01590794: 00000000 00000000 00000000 00000000 ................
0x015907a4: 00000000 00000000 00000000 00000000 ................
0x015907b4: 00000000 00000000 00000000 00000000 ................
0x015907c4: 00000000 00000000 00000000 00000000 ................
0x015907d4: 00000000 00000000 00000000 00000000 ................
0x015907e4: 00000000 00000000 00000000 00000000 ................
0x015907f4: 00000000 00000000 00000000 00000000 ................
0x01590804: 00000000 00000000 00000000 00000000 ................
0x01590814: 00000000 00000000 00000000 00000000 ................
0x01590824: 00000000 00000000 00000000 00000000 ................
0x01590834: 00000000 00000000 00000000 00000000 ................
0x01590844: 00000000 00000000 00000000 00000000 ................
0x01590854: 00000000 00000000 00000000 00000000 ................
0x01590864: 00000000 00000000 00000000 00000000 ................
0x01590874: 00000000 00000000 00000000 00000000 ................
0x01590884: 00000000 00000000 00000000 00000000 ................
0x01590894: 00000000 00000000 00000000 00000000 ................
0x015908a4: 00000000 00000000 00000000 00000000 ................
0x015908b4: 00000000 00000000 00000000 00000000 ................
0x015908c4: 00000000 00000000 00000000 00000000 ................
0x015908d4: 00000000 00000000 00000000 00000000 ................
0x015908e4: 00000000 00000000 00000000 00000000 ................
0x015908f4: 00000000 00000000 00000000 00000000 ................
0x01590904: 00000000 00000000 00000000 00000000 ................
0x01590914: 00000000 00000000 00000000 00000000 ................
0x01590924: 00000000 00000000 00000000 00000000 ................
0x01590934: 00000000 00000000 00000000 00000000 ................
0x01590944: 00000000 00000000 00000000 00000000 ................
0x01590954: 00000000 00000000 00000000 00000000 ................
0x01590964: 00000000 00000000 00000000 00000000 ................
0x01590974: 00000000 00000000 00000000 00000000 ................
0x01590984: 00000000 00000000 00000000 00000000 ................
0x01590994: 00000000 00000000 00000000 00000000 ................
0x015909a4: 00000000 00000000 00000000 00000000 ................
0x015909b4: 00000000 00000000 00000000 00000000 ................
0x015909c4: 00000000 00000000 00000000 00000000 ................
0x015909d4: 00000000 00000000 00000000 00000000 ................
0x015909e4: 00000000 00000000 00000000 00000000 ................
0x015909f4: 00000000 00000000 00000000 00000000 ................
0x01590a04: 00000000 00000000 00000000 00000000 ................
0x01590a14: 00000000 00000000 00000000 00000000 ................
0x01590a24: 00000000 00000000 00000000 00000000 ................
0x01590a34: 00000000 00000000 00000000 00000000 ................
0x01590a44: 00000000 00000000 00000000 00000000 ................
0x01590a54: 00000000 00000000 00000000 00000000 ................
0x01590a64: 00000000 00000000 00000000 00000000 ................
0x01590a74: 00000000 00000000 00000000 00000000 ................
0x01590a84: 00000000 00000000 00000000 00000000 ................
0x01590a94: 00000000 00000000 00000000 00000000 ................
0x01590aa4: 00000000 00000000 00000000 00000000 ................
0x01590ab4: 00000000 00000000 00000000 00000000 ................
0x01590ac4: 00000000 00000000 00000000 00000000 ................
0x01590ad4: 00000000 00000000 00000000 00000000 ................
0x01590ae4: 00000000 00000000 00000000 00000000 ................
0x01590af4: 00000000 00000000 00000000 00000000 ................
0x01590b04: 00000000 00000000 00000000 00000000 ................
0x01590b14: 00000000 00000000 00000000 00000000 ................
0x01590b24: 00000000 00000000 00000000 00000000 ................
0x01590b34: 00000000 00000000 00000000 00000000 ................
0x01590b44: 00000000 00000000 00000000 00000000 ................
0x01590b54: 00000000 00000000 00000000 00000000 ................
0x01590b64: 00000000 00000000 00000000 00000000 ................
0x01590b74: 00000000 00000000 00000000 00000000 ................
0x01590b84: 00000000 00000000 00000000 00000000 ................
0x01590b94: 00000000 00000000 00000000 00000000 ................
0x01590ba4: 00000000 00000000 00000000 00000000 ................
0x01590bb4: 00000000 00000000 00000000 00000000 ................
0x01590bc4: 00000000 00000000 00000000 00000000 ................
0x01590bd4: 00000000 00000000 00000000 00000000 ................
0x01590be4: 00000000 00000000 00000000 00000000 ................
0x01590bf4: 00000000 00000000 00000000 00000000 ................
0x01590c04: 00000000 00000000 00000000 00000000 ................
0x01590c14: 00000000 00000000 00000000 00000000 ................
0x01590c24: 00000000 00000000 00000000 00000000 ................
0x01590c34: 00000000 00000000 00000000 00000000 ................
0x01590c44: 00000000 00000000 00000000 00000000 ................
0x01590c54: 00000000 00000000 00000000 00000000 ................
0x01590c64: 00000000 00000000 00000000 00000000 ................
0x01590c74: 00000000 00000000 00000000 00000000 ................
0x01590c84: 00000000 00000000 00000000 00000000 ................
0x01590c94: 00000000 00000000 00000000 00000000 ................
0x01590ca4: 00000000 00000000 00000000 00000000 ................

Module 1
D:\Projects\Unity\IndieGame\Inoha.exe
Image Base: 0x001e0000  Image Size: 0x0122b000
File Size:  18186752    File Time:  2016-12-01_144336
Version:
   Company:    
   Product:    
   FileDesc:   
   FileVer:    5.5.0.13892
   ProdVer:    5.5.0.13892

Module 2
C:\WINDOWS\SYSTEM32\xinput1_3.dll
Image Base: 0x00400000  Image Size: 0x00016000
File Size:  81768       File Time:  2007-04-04_185342
Version:
   Company:    Microsoft Corporation
   Product:    Microsoft® DirectX for Windows®
   FileDesc:   Microsoft Common Controller API
   FileVer:    9.18.944.0
   ProdVer:    9.18.944.0

Module 3
D:\Projects\Unity\IndieGame\Inoha_Data\Mono\mono.dll
Image Base: 0x10000000  Image Size: 0x00231000
File Size:  2115032     File Time:  2016-11-02_015534
Version:
   Company:    Unity Technologies
   Product:    libmono
   FileDesc:   Unity Technologies fork of mono runtime
   FileVer:    1.0.0.1
   ProdVer:    1.0.0.1

Module 4
C:\WINDOWS\SYSTEM32\wintypes.dll
Image Base: 0x544a0000  Image Size: 0x000cf000
File Size:  846560      File Time:  2016-10-15_051810
Version:
   Company:    Microsoft Corporation
   Product:    Microsoft® Windows® Operating System
   FileDesc:   Windows Base Types DLL
   FileVer:    10.0.14393.351
   ProdVer:    10.0.14393.351

Module 5
C:\WINDOWS\SYSTEM32\AUDIOSES.DLL
Image Base: 0x54570000  Image Size: 0x0007b000
File Size:  484584      File Time:  2016-11-09_083048
Version:
   Company:    Microsoft Corporation
   Product:    Microsoft® Windows® Operating System
   FileDesc:   Audio Session
   FileVer:    10.0.14393.447
   ProdVer:    10.0.14393.447

Module 6
C:\WINDOWS\SYSTEM32\DCIMAN32.dll
Image Base: 0x54770000  Image Size: 0x00007000
File Size:  11776       File Time:  2016-07-16_124250
Version:
   Company:    Microsoft Corporation
   Product:    Microsoft® Windows® Operating System
   FileDesc:   DCI Manager
   FileVer:    10.0.14393.0
   ProdVer:    10.0.14393.0

Module 7
C:\WINDOWS\SYSTEM32\DDRAW.dll
Image Base: 0x54780000  Image Size: 0x000ed000
File Size:  548352      File Time:  2016-11-09_083034
Version:
   Company:    Microsoft Corporation
   Product:    Microsoft® Windows® Operating System
   FileDesc:   Microsoft DirectDraw
   FileVer:    10.0.14393.447
   ProdVer:    10.0.14393.447

Module 8
C:\WINDOWS\SYSTEM32\GLU32.dll
Image Base: 0x54870000  Image Size: 0x00025000
File Size:  141312      File Time:  2016-07-16_124306
Version:
   Company:    Microsoft Corporation
   Product:    Microsoft® Windows® Operating System
   FileDesc:   OpenGL Utility Library DLL
   FileVer:    10.0.14393.0
   ProdVer:    10.0.14393.0

Module 9
C:\WINDOWS\SYSTEM32\OPENGL32.dll
Image Base: 0x548a0000  Image Size: 0x000e0000
File Size:  786944      File Time:  2016-07-16_124306
Version:
   Company:    Microsoft Corporation
   Product:    Microsoft® Windows® Operating System
   FileDesc:   OpenGL Client DLL
   FileVer:    10.0.14393.0
   ProdVer:    10.0.14393.0

Module 10
C:\WINDOWS\SYSTEM32\ksuser.dll
Image Base: 0x5eec0000  Image Size: 0x00007000
File Size:  20672       File Time:  2016-07-16_124250
Version:
   Company:    Microsoft Corporation
   Product:    Microsoft® Windows® Operating System
   FileDesc:   User CSA Library
   FileVer:    10.0.14393.0
   ProdVer:    10.0.14393.0

Module 11
C:\WINDOWS\SYSTEM32\AVRT.dll
Image Base: 0x5eed0000  Image Size: 0x00009000
File Size:  29448       File Time:  2016-07-16_124250
Version:
   Company:    Microsoft Corporation
   Product:    Microsoft® Windows® Operating System
   FileDesc:   Multimedia Realtime Runtime
   FileVer:    10.0.14393.0
   ProdVer:    10.0.14393.0

Module 12
D:\Projects\Unity\IndieGame\Inoha_Data\Plugins\fmodstudio.dll
Image Base: 0x5f880000  Image Size: 0x002d2000
File Size:  2676736     File Time:  2016-11-24_120726
Version:
   Company:    Firelight Technologies
   Product:    FMOD
   FileDesc:   FMOD Studio Runtime
   FileVer:    0.1.8.14
   ProdVer:    0.1.8.14

Module 13
C:\WINDOWS\SYSTEM32\MSACM32.dll
Image Base: 0x5ffe0000  Image Size: 0x00018000
File Size:  90912       File Time:  2016-07-16_124250
Version:
   Company:    Microsoft Corporation
   Product:    Microsoft® Windows® Operating System
   FileDesc:   Microsoft ACM Audio Filter
   FileVer:    10.0.14393.0
   ProdVer:    10.0.14393.0

Module 14
C:\WINDOWS\SYSTEM32\icm32.dll
Image Base: 0x60970000  Image Size: 0x0003d000
File Size:  230912      File Time:  2016-07-16_124250
Version:
   Company:    Microsoft Corporation
   Product:    Microsoft® Windows® Operating System
   FileDesc:   Microsoft Color Management Module (CMM)
   FileVer:    10.0.14393.0
   ProdVer:    10.0.14393.0

Module 15
C:\WINDOWS\SYSTEM32\mscms.dll
Image Base: 0x609b0000  Image Size: 0x00085000
File Size:  526336      File Time:  2016-07-16_124250
Version:
   Company:    Microsoft Corporation
   Product:    Microsoft® Windows® Operating System
   FileDesc:   Microsoft Color Matching System DLL
   FileVer:    10.0.14393.0
   ProdVer:    10.0.14393.0

Module 16
C:\WINDOWS\System32\DriverStore\FileRepository\nvmii.inf_amd64_cd02aa57716cacd3\nvwgf2um.dll
Image Base: 0x61190000  Image Size: 0x013b8000
File Size:  20732320    File Time:  2016-11-17_030612
Version:
   Company:    NVIDIA Corporation
   Product:    NVIDIA D3D10 drivers
   FileDesc:   NVIDIA D3D10 Driver, Version 375.95 
   FileVer:    21.21.13.7595
   ProdVer:    21.21.13.7595

Module 17
C:\Program Files\Nahimic\Nahimic2\UserInterface\Nahimic2OSD.dll
Image Base: 0x6f050000  Image Size: 0x00042000
File Size:  250552      File Time:  2016-10-07_152136
Version:
   Company:    
   Product:    
   FileDesc:   
   FileVer:    0.0.0.0
   ProdVer:    0.0.0.0

Module 18
C:\WINDOWS\System32\MMDevApi.dll
Image Base: 0x6f2e0000  Image Size: 0x00058000
File Size:  352768      File Time:  2016-07-16_124250
Version:
   Company:    Microsoft Corporation
   Product:    Microsoft® Windows® Operating System
   FileDesc:   MMDevice API
   FileVer:    10.0.14393.0
   ProdVer:    10.0.14393.0

Module 19
C:\WINDOWS\system32\nvspcap.dll
Image Base: 0x702b0000  Image Size: 0x00164000
File Size:  1454136     File Time:  2016-10-25_212108
Version:
   Company:    NVIDIA Corporation
   Product:    NVIDIA GeForce Experience
   FileDesc:   NVIDIA Capture Server Proxy
   FileVer:    3.1.0.52
   ProdVer:    3.1.0.52

Module 20
C:\Program Files\Nahimic\Nahimic2\UserInterface\Nahimic2DevProps.dll
Image Base: 0x70780000  Image Size: 0x0002d000
File Size:  175800      File Time:  2016-10-07_152328
Version:
   Company:    
   Product:    
   FileDesc:   
   FileVer:    0.0.0.0
   ProdVer:    0.0.0.0

Module 21
C:\WINDOWS\SYSTEM32\d3d11.dll
Image Base: 0x70cc0000  Image Size: 0x0022f000
File Size:  2276736     File Time:  2016-10-15_052050
Version:
   Company:    Microsoft Corporation
   Product:    Microsoft® Windows® Operating System
   FileDesc:   Direct3D 11 Runtime
   FileVer:    10.0.14393.351
   ProdVer:    10.0.14393.351

Module 22
C:\WINDOWS\SYSTEM32\DNSAPI.dll
Image Base: 0x71c50000  Image Size: 0x0007c000
File Size:  496872      File Time:  2016-09-15_183716
Version:
   Company:    Microsoft Corporation
   Product:    Microsoft® Windows® Operating System
   FileDesc:   DNS Client API DLL
   FileVer:    10.0.14393.206
   ProdVer:    10.0.14393.206

Module 23
C:\WINDOWS\SYSTEM32\midimap.dll
Image Base: 0x71e40000  Image Size: 0x00008000
File Size:  18944       File Time:  2016-07-16_124250
Version:
   Company:    Microsoft Corporation
   Product:    Microsoft® Windows® Operating System
   FileDesc:   Microsoft MIDI Mapper
   FileVer:    10.0.14393.0
   ProdVer:    10.0.14393.0

Module 24
C:\WINDOWS\SYSTEM32\msacm32.drv
Image Base: 0x71e50000  Image Size: 0x0000a000
File Size:  24576       File Time:  2016-07-16_124250
Version:
   Company:    Microsoft Corporation
   Product:    Microsoft® Windows® Operating System
   FileDesc:   Microsoft Sound Mapper
   FileVer:    10.0.14393.0
   ProdVer:    10.0.14393.0

Module 25
C:\WINDOWS\SYSTEM32\wdmaud.drv
Image Base: 0x71e60000  Image Size: 0x00039000
File Size:  207360      File Time:  2016-07-16_124250
Version:
   Company:    Microsoft Corporation
   Product:    Microsoft® Windows® Operating System
   FileDesc:   Winmm  audio system driver
   FileVer:    10.0.14393.0
   ProdVer:    10.0.14393.0

Module 26
C:\WINDOWS\system32\nvapi.dll
Image Base: 0x720f0000  Image Size: 0x00387000
File Size:  3474064     File Time:  2016-11-17_030612
Version:
   Company:    NVIDIA Corporation
   Product:    NVIDIA Windows drivers
   FileDesc:   NVIDIA NVAPI Library, Version 375.95 
   FileVer:    21.21.13.7595
   ProdVer:    21.21.13.7595

Module 27
C:\WINDOWS\system32\apphelp.dll
Image Base: 0x72480000  Image Size: 0x00092000
File Size:  581120      File Time:  2016-07-16_124246
Version:
   Company:    Microsoft Corporation
   Product:    Microsoft® Windows® Operating System
   FileDesc:   Application Compatibility Client Library
   FileVer:    10.0.14393.0
   ProdVer:    10.0.14393.0

Module 28
C:\WINDOWS\system32\wbem\fastprox.dll
Image Base: 0x72520000  Image Size: 0x000c2000
File Size:  779776      File Time:  2016-07-16_124258
Version:
   Company:    Microsoft Corporation
   Product:    Microsoft® Windows® Operating System
   FileDesc:   WMI Custom Marshaller
   FileVer:    10.0.14393.0
   ProdVer:    10.0.14393.0

Module 29
C:\WINDOWS\system32\wbem\wbemsvc.dll
Image Base: 0x725f0000  Image Size: 0x00010000
File Size:  48640       File Time:  2016-07-16_124258
Version:
   Company:    Microsoft Corporation
   Product:    Microsoft® Windows® Operating System
   FileDesc:   WMI
   FileVer:    10.0.14393.0
   ProdVer:    10.0.14393.0

Module 30
C:\WINDOWS\system32\wbem\wbemprox.dll
Image Base: 0x72620000  Image Size: 0x0000d000
File Size:  35328       File Time:  2016-07-16_124258
Version:
   Company:    Microsoft Corporation
   Product:    Microsoft® Windows® Operating System
   FileDesc:   WMI
   FileVer:    10.0.14393.0
   ProdVer:    10.0.14393.0

Module 31
C:\WINDOWS\SYSTEM32\wbemcomn.dll
Image Base: 0x72630000  Image Size: 0x00067000
File Size:  391168      File Time:  2016-07-16_124258
Version:
   Company:    Microsoft Corporation
   Product:    Microsoft® Windows® Operating System
   FileDesc:   WMI
   FileVer:    10.0.14393.0
   ProdVer:    10.0.14393.0

Module 32
C:\WINDOWS\system32\dwmapi.dll
Image Base: 0x72800000  Image Size: 0x0001f000
File Size:  113504      File Time:  2016-09-15_181352
Version:
   Company:    Microsoft Corporation
   Product:    Microsoft® Windows® Operating System
   FileDesc:   Microsoft Desktop Window Manager API
   FileVer:    10.0.14393.206
   ProdVer:    10.0.14393.206

Module 33
C:\WINDOWS\SYSTEM32\dbghelp.dll
Image Base: 0x72820000  Image Size: 0x00145000
File Size:  1220608     File Time:  2016-07-16_124258
Version:
   Company:    Microsoft
   Product:    Microsoft® Windows® Operating System
   FileDesc:   Windows Image Helper
   FileVer:    10.0.14321.1024
   ProdVer:    10.0.14321.1024

Module 34
C:\WINDOWS\SYSTEM32\dxgi.dll
Image Base: 0x729d0000  Image Size: 0x00084000
File Size:  527880      File Time:  2016-07-16_124250
Version:
   Company:    Microsoft Corporation
   Product:    Microsoft® Windows® Operating System
   FileDesc:   DirectX Graphics Infrastructure
   FileVer:    10.0.14393.0
   ProdVer:    10.0.14393.0

Module 35
C:\WINDOWS\SYSTEM32\MSWSOCK.dll
Image Base: 0x72a60000  Image Size: 0x0004e000
File Size:  306016      File Time:  2016-07-16_124256
Version:
   Company:    Microsoft Corporation
   Product:    Microsoft® Windows® Operating System
   FileDesc:   Microsoft Windows Sockets 2.0 Service Provider
   FileVer:    10.0.14393.0
   ProdVer:    10.0.14393.0

Module 36
C:\WINDOWS\system32\rsaenh.dll
Image Base: 0x72db0000  Image Size: 0x0002f000
File Size:  184416      File Time:  2016-07-16_124256
Version:
   Company:    Microsoft Corporation
   Product:    Microsoft® Windows® Operating System
   FileDesc:   Microsoft Enhanced Cryptographic Provider
   FileVer:    10.0.14393.0
   ProdVer:    10.0.14393.0

Module 37
C:\WINDOWS\SYSTEM32\CRYPTSP.dll
Image Base: 0x72de0000  Image Size: 0x00013000
File Size:  68720       File Time:  2016-07-16_124256
Version:
   Company:    Microsoft Corporation
   Product:    Microsoft® Windows® Operating System
   FileDesc:   Cryptographic Service Provider API
   FileVer:    10.0.14393.0
   ProdVer:    10.0.14393.0

Module 38
C:\WINDOWS\SYSTEM32\WINHTTP.dll
Image Base: 0x734a0000  Image Size: 0x000a0000
File Size:  636928      File Time:  2016-10-15_044418
Version:
   Company:    Microsoft Corporation
   Product:    Microsoft® Windows® Operating System
   FileDesc:   Windows HTTP Services
   FileVer:    10.0.14393.351
   ProdVer:    10.0.14393.351

Module 39
C:\WINDOWS\SYSTEM32\IPHLPAPI.DLL
Image Base: 0x73540000  Image Size: 0x0002f000
File Size:  184416      File Time:  2016-07-16_124256
Version:
   Company:    Microsoft Corporation
   Product:    Microsoft® Windows® Operating System
   FileDesc:   IP Helper API
   FileVer:    10.0.14393.0
   ProdVer:    10.0.14393.0

Module 40
C:\WINDOWS\system32\uxtheme.dll
Image Base: 0x737b0000  Image Size: 0x00075000
File Size:  457728      File Time:  2016-07-16_124306
Version:
   Company:    Microsoft Corporation
   Product:    Microsoft® Windows® Operating System
   FileDesc:   Microsoft UxTheme Library
   FileVer:    10.0.14393.0
   ProdVer:    10.0.14393.0

Module 41
C:\WINDOWS\System32\DEVOBJ.dll
Image Base: 0x738c0000  Image Size: 0x00022000
File Size:  132232      File Time:  2016-07-16_124256
Version:
   Company:    Microsoft Corporation
   Product:    Microsoft® Windows® Operating System
   FileDesc:   Device Information Set DLL
   FileVer:    10.0.14393.0
   ProdVer:    10.0.14393.0

Module 42
C:\WINDOWS\SYSTEM32\HID.DLL
Image Base: 0x738f0000  Image Size: 0x0000a000
File Size:  25600       File Time:  2016-07-16_124250
Version:
   Company:    Microsoft Corporation
   Product:    Microsoft® Windows® Operating System
   FileDesc:   Hid User Library
   FileVer:    10.0.14393.0
   ProdVer:    10.0.14393.0

Module 43
C:\WINDOWS\System32\PROPSYS.dll
Image Base: 0x73e20000  Image Size: 0x0014f000
File Size:  1375456     File Time:  2016-07-16_124256
Version:
   Company:    Microsoft Corporation
   Product:    Windows® Search
   FileDesc:   Microsoft Property System
   FileVer:    7.0.14393.0
   ProdVer:    7.0.14393.0

Module 44
C:\WINDOWS\SYSTEM32\ntmarta.dll
Image Base: 0x74020000  Image Size: 0x00028000
File Size:  154432      File Time:  2016-07-16_124256
Version:
   Company:    Microsoft Corporation
   Product:    Microsoft® Windows® Operating System
   FileDesc:   Windows NT MARTA provider
   FileVer:    10.0.14393.0
   ProdVer:    10.0.14393.0

Module 45
C:\WINDOWS\SYSTEM32\bcrypt.dll
Image Base: 0x74070000  Image Size: 0x0001b000
File Size:  106896      File Time:  2016-07-16_124256
Version:
   Company:    Microsoft Corporation
   Product:    Microsoft® Windows® Operating System
   FileDesc:   Windows Cryptographic Primitives Library
   FileVer:    10.0.14393.0
   ProdVer:    10.0.14393.0

Module 46
C:\WINDOWS\SYSTEM32\WINMMBASE.dll
Image Base: 0x74100000  Image Size: 0x00023000
File Size:  131208      File Time:  2016-07-16_124250
Version:
   Company:    Microsoft Corporation
   Product:    Microsoft® Windows® Operating System
   FileDesc:   Base Multimedia Extension API DLL
   FileVer:    10.0.14393.0
   ProdVer:    10.0.14393.0

Module 47
C:\WINDOWS\WinSxS\x86_microsoft.windows.common-controls_6595b64144ccf1df_6.0.14393.447_none_89c64d28dafea4b9\comctl32.dll
Image Base: 0x74150000  Image Size: 0x0020a000
File Size:  2122080     File Time:  2016-11-09_083044
Version:
   Company:    Microsoft Corporation
   Product:    Microsoft® Windows® Operating System
   FileDesc:   User Experience Controls Library
   FileVer:    6.10.14393.447
   ProdVer:    10.0.14393.447

Module 48
C:\WINDOWS\SYSTEM32\WTSAPI32.dll
Image Base: 0x74360000  Image Size: 0x0000f000
File Size:  53216       File Time:  2016-07-16_124306
Version:
   Company:    Microsoft Corporation
   Product:    Microsoft® Windows® Operating System
   FileDesc:   Windows Remote Desktop Session Host Server SDK APIs
   FileVer:    10.0.14393.0
   ProdVer:    10.0.14393.0

Module 49
C:\WINDOWS\SYSTEM32\USERENV.dll
Image Base: 0x74380000  Image Size: 0x0001a000
File Size:  94568       File Time:  2016-07-16_124256
Version:
   Company:    Microsoft Corporation
   Product:    Microsoft® Windows® Operating System
   FileDesc:   Userenv
   FileVer:    10.0.14393.0
   ProdVer:    10.0.14393.0

Module 50
C:\WINDOWS\SYSTEM32\WINMM.dll
Image Base: 0x743a0000  Image Size: 0x00024000
File Size:  135376      File Time:  2016-07-16_124250
Version:
   Company:    Microsoft Corporation
   Product:    Microsoft® Windows® Operating System
   FileDesc:   MCI API DLL
   FileVer:    10.0.14393.0
   ProdVer:    10.0.14393.0

Module 51
C:\WINDOWS\SYSTEM32\VERSION.dll
Image Base: 0x74510000  Image Size: 0x00008000
File Size:  27360       File Time:  2016-07-16_124306
Version:
   Company:    Microsoft Corporation
   Product:    Microsoft® Windows® Operating System
   FileDesc:   Version Checking and File Installation Libraries
   FileVer:    10.0.14393.0
   ProdVer:    10.0.14393.0

Module 52
C:\WINDOWS\System32\CRYPTBASE.dll
Image Base: 0x74540000  Image Size: 0x0000a000
File Size:  31528       File Time:  2016-07-16_124250
Version:
   Company:    Microsoft Corporation
   Product:    Microsoft® Windows® Operating System
   FileDesc:   Base cryptographic API DLL
   FileVer:    10.0.14393.0
   ProdVer:    10.0.14393.0

Module 53
C:\WINDOWS\System32\SspiCli.dll
Image Base: 0x74550000  Image Size: 0x0001e000
File Size:  117240      File Time:  2016-09-26_232402
Version:
   Company:    Microsoft Corporation
   Product:    Microsoft® Windows® Operating System
   FileDesc:   Security Support Provider Interface
   FileVer:    10.0.14393.187
   ProdVer:    10.0.14393.187

Module 54
C:\WINDOWS\System32\SHLWAPI.dll
Image Base: 0x74570000  Image Size: 0x00046000
File Size:  284056      File Time:  2016-07-16_124304
Version:
   Company:    Microsoft Corporation
   Product:    Microsoft® Windows® Operating System
   FileDesc:   Shell Light-weight Utility Library
   FileVer:    10.0.14393.0
   ProdVer:    10.0.14393.0

Module 55
C:\WINDOWS\System32\MSCTF.dll
Image Base: 0x745c0000  Image Size: 0x00135000
File Size:  1263856     File Time:  2016-11-09_083034
Version:
   Company:    Microsoft Corporation
   Product:    Microsoft® Windows® Operating System
   FileDesc:   MSCTF Server DLL
   FileVer:    10.0.14393.447
   ProdVer:    10.0.14393.447

Module 56
C:\WINDOWS\System32\OLEAUT32.dll
Image Base: 0x74700000  Image Size: 0x00094000
File Size:  601712      File Time:  2016-11-09_083034
Version:
   Company:    Microsoft Corporation
   Product:    Microsoft® Windows® Operating System
   FileDesc:   OLEAUT32.DLL
   FileVer:    10.0.14393.447
   ProdVer:    10.0.14393.447

Module 57
C:\WINDOWS\System32\win32u.dll
Image Base: 0x747a0000  Image Size: 0x00015000
File Size:  79536       File Time:  2016-09-26_232356
Version:
   Company:    Microsoft Corporation
   Product:    Microsoft® Windows® Operating System
   FileDesc:   Win32u
   FileVer:    10.0.14393.51
   ProdVer:    10.0.14393.51

Module 58
C:\WINDOWS\System32\bcryptPrimitives.dll
Image Base: 0x747c0000  Image Size: 0x0005a000
File Size:  367208      File Time:  2016-07-16_124228
Version:
   Company:    Microsoft Corporation
   Product:    Microsoft® Windows® Operating System
   FileDesc:   Windows Cryptographic Primitives Library
   FileVer:    10.0.14393.0
   ProdVer:    10.0.14393.0

Module 59
C:\WINDOWS\System32\SETUPAPI.dll
Image Base: 0x74820000  Image Size: 0x0040b000
File Size:  4268368     File Time:  2016-07-16_124246
Version:
   Company:    Microsoft Corporation
   Product:    Microsoft® Windows® Operating System
   FileDesc:   Windows Setup API
   FileVer:    10.0.14393.0
   ProdVer:    10.0.14393.0

Module 60
C:\WINDOWS\System32\shcore.dll
Image Base: 0x74dc0000  Image Size: 0x00088000
File Size:  549088      File Time:  2016-07-16_124244
Version:
   Company:    Microsoft Corporation
   Product:    Microsoft® Windows® Operating System
   FileDesc:   SHCORE
   FileVer:    10.0.14393.0
   ProdVer:    10.0.14393.0

Module 61
C:\WINDOWS\System32\KERNEL32.DLL
Image Base: 0x74e50000  Image Size: 0x000e0000
File Size:  616048      File Time:  2016-07-16_124246
Version:
   Company:    Microsoft Corporation
   Product:    Microsoft® Windows® Operating System
   FileDesc:   Windows NT BASE API Client DLL
   FileVer:    10.0.14393.0
   ProdVer:    10.0.14393.0

Module 62
C:\WINDOWS\System32\combase.dll
Image Base: 0x74f30000  Image Size: 0x00211000
File Size:  2166232     File Time:  2016-10-15_051802
Version:
   Company:    Microsoft Corporation
   Product:    Microsoft® Windows® Operating System
   FileDesc:   Microsoft COM for Windows
   FileVer:    10.0.14393.351
   ProdVer:    10.0.14393.351

Module 63
C:\WINDOWS\System32\ole32.dll
Image Base: 0x751b0000  Image Size: 0x000ea000
File Size:  959112      File Time:  2016-11-09_083040
Version:
   Company:    Microsoft Corporation
   Product:    Microsoft® Windows® Operating System
   FileDesc:   Microsoft OLE for Windows
   FileVer:    10.0.14393.447
   ProdVer:    10.0.14393.447

Module 64
C:\WINDOWS\System32\KERNELBASE.dll
Image Base: 0x752a0000  Image Size: 0x001a1000
File Size:  1705976     File Time:  2016-10-05_110326
Version:
   Company:    Microsoft Corporation
   Product:    Microsoft® Windows® Operating System
   FileDesc:   Windows NT BASE API Client DLL
   FileVer:    10.0.14393.321
   ProdVer:    10.0.14393.321

Module 65
C:\WINDOWS\System32\SHELL32.dll
Image Base: 0x75450000  Image Size: 0x013d9000
File Size:  20969928    File Time:  2016-11-09_083044
Version:
   Company:    Microsoft Corporation
   Product:    Microsoft® Windows® Operating System
   FileDesc:   Windows Shell Common Dll
   FileVer:    10.0.14393.447
   ProdVer:    10.0.14393.447

Module 66
C:\WINDOWS\System32\profapi.dll
Image Base: 0x76840000  Image Size: 0x0000f000
File Size:  54752       File Time:  2016-07-16_124250
Version:
   Company:    Microsoft Corporation
   Product:    Microsoft® Windows® Operating System
   FileDesc:   User Profile Basic API
   FileVer:    10.0.14393.0
   ProdVer:    10.0.14393.0

Module 67
C:\WINDOWS\System32\ADVAPI32.dll
Image Base: 0x76850000  Image Size: 0x00077000
File Size:  482392      File Time:  2016-07-16_124250
Version:
   Company:    Microsoft Corporation
   Product:    Microsoft® Windows® Operating System
   FileDesc:   Advanced Windows 32 Base API
   FileVer:    10.0.14393.0
   ProdVer:    10.0.14393.0

Module 68
C:\WINDOWS\System32\sechost.dll
Image Base: 0x768e0000  Image Size: 0x00041000
File Size:  255168      File Time:  2016-07-16_124250
Version:
   Company:    Microsoft Corporation
   Product:    Microsoft® Windows® Operating System
   FileDesc:   Host for SCM/SDDL/LSA Lookup APIs
   FileVer:    10.0.14393.0
   ProdVer:    10.0.14393.0

Module 69
C:\WINDOWS\System32\NSI.dll
Image Base: 0x76930000  Image Size: 0x00007000
File Size:  20152       File Time:  2016-07-16_124228
Version:
   Company:    Microsoft Corporation
   Product:    Microsoft® Windows® Operating System
   FileDesc:   NSI User-mode interface DLL
   FileVer:    10.0.14393.0
   ProdVer:    10.0.14393.0

Module 70
C:\WINDOWS\System32\kernel.appcore.dll
Image Base: 0x76940000  Image Size: 0x0000d000
File Size:  43416       File Time:  2016-07-16_124256
Version:
   Company:    Microsoft Corporation
   Product:    Microsoft® Windows® Operating System
   FileDesc:   AppModel API Host
   FileVer:    10.0.14393.0
   ProdVer:    10.0.14393.0

Module 71
C:\WINDOWS\System32\USER32.dll
Image Base: 0x76970000  Image Size: 0x0015f000
File Size:  1435896     File Time:  2016-10-15_051124
Version:
   Company:    Microsoft Corporation
   Product:    Microsoft® Windows® Operating System
   FileDesc:   Multi-User Windows USER API Client DLL
   FileVer:    10.0.14393.351
   ProdVer:    10.0.14393.351

Module 72
C:\WINDOWS\System32\clbcatq.dll
Image Base: 0x76ad0000  Image Size: 0x00084000
File Size:  528360      File Time:  2016-07-16_124248
Version:
   Company:    Microsoft Corporation
   Product:    Microsoft® Windows® Operating System
   FileDesc:   COM+ Configuration Catalog
   FileVer:    2001.12.10941.16384
   ProdVer:    10.0.14393.0

Module 73
C:\WINDOWS\System32\GDI32.dll
Image Base: 0x76bc0000  Image Size: 0x0002b000
File Size:  170960      File Time:  2016-09-15_182320
Version:
   Company:    Microsoft Corporation
   Product:    Microsoft® Windows® Operating System
   FileDesc:   GDI Client DLL
   FileVer:    10.0.14393.206
   ProdVer:    10.0.14393.206

Module 74
C:\WINDOWS\System32\RPCRT4.dll
Image Base: 0x76c50000  Image Size: 0x000c1000
File Size:  790760      File Time:  2016-09-26_232402
Version:
   Company:    Microsoft Corporation
   Product:    Microsoft® Windows® Operating System
   FileDesc:   Remote Procedure Call Runtime
   FileVer:    10.0.14393.82
   ProdVer:    10.0.14393.82

Module 75
C:\WINDOWS\System32\PSAPI.DLL
Image Base: 0x76d20000  Image Size: 0x00006000
File Size:  17048       File Time:  2016-07-16_124246
Version:
   Company:    Microsoft Corporation
   Product:    Microsoft® Windows® Operating System
   FileDesc:   Process Status Helper
   FileVer:    10.0.14393.0
   ProdVer:    10.0.14393.0

Module 76
C:\WINDOWS\System32\cfgmgr32.dll
Image Base: 0x76d30000  Image Size: 0x00036000
File Size:  213848      File Time:  2016-07-16_124256
Version:
   Company:    Microsoft Corporation
   Product:    Microsoft® Windows® Operating System
   FileDesc:   Configuration Manager DLL
   FileVer:    10.0.14393.0
   ProdVer:    10.0.14393.0

Module 77
C:\WINDOWS\System32\IMM32.dll
Image Base: 0x76ef0000  Image Size: 0x00025000
File Size:  144632      File Time:  2016-07-16_124250
Version:
   Company:    Microsoft Corporation
   Product:    Microsoft® Windows® Operating System
   FileDesc:   Multi-User Windows IMM32 API Client DLL
   FileVer:    10.0.14393.0
   ProdVer:    10.0.14393.0

Module 78
C:\WINDOWS\System32\powrprof.dll
Image Base: 0x76f20000  Image Size: 0x00045000
File Size:  275832      File Time:  2016-07-16_124256
Version:
   Company:    Microsoft Corporation
   Product:    Microsoft® Windows® Operating System
   FileDesc:   Power Profile Helper DLL
   FileVer:    10.0.14393.0
   ProdVer:    10.0.14393.0

Module 79
C:\WINDOWS\System32\msvcrt.dll
Image Base: 0x770e0000  Image Size: 0x000be000
File Size:  773168      File Time:  2016-07-16_124250
Version:
   Company:    Microsoft Corporation
   Product:    Microsoft® Windows® Operating System
   FileDesc:   Windows NT CRT DLL
   FileVer:    7.0.14393.0
   ProdVer:    10.0.14393.0

Module 80
C:\WINDOWS\System32\gdi32full.dll
Image Base: 0x771a0000  Image Size: 0x0015b000
File Size:  1415744     File Time:  2016-11-09_083034
Version:
   Company:    Microsoft Corporation
   Product:    Microsoft® Windows® Operating System
   FileDesc:   GDI Client DLL
   FileVer:    10.0.14393.447
   ProdVer:    10.0.14393.447

Module 81
C:\WINDOWS\System32\windows.storage.dll
Image Base: 0x77300000  Image Size: 0x0056e000
File Size:  5722320     File Time:  2016-09-15_182242
Version:
   Company:    Microsoft Corporation
   Product:    Microsoft® Windows® Operating System
   FileDesc:   Microsoft WinRT Storage API
   FileVer:    10.0.14393.206
   ProdVer:    10.0.14393.206

Module 82
C:\WINDOWS\System32\msvcp_win.dll
Image Base: 0x77870000  Image Size: 0x0007b000
File Size:  498408      File Time:  2016-07-16_124256
Version:
   Company:    Microsoft Corporation
   Product:    Microsoft® Windows® Operating System
   FileDesc:   Microsoft® C Runtime Library
   FileVer:    10.0.14393.0
   ProdVer:    10.0.14393.0

Module 83
C:\WINDOWS\System32\WS2_32.dll
Image Base: 0x778f0000  Image Size: 0x00063000
File Size:  402352      File Time:  2016-09-15_183706
Version:
   Company:    Microsoft Corporation
   Product:    Microsoft® Windows® Operating System
   FileDesc:   Windows Socket 2.0 32-Bit DLL
   FileVer:    10.0.14393.206
   ProdVer:    10.0.14393.206

Module 84
C:\WINDOWS\System32\ucrtbase.dll
Image Base: 0x779b0000  Image Size: 0x000e0000
File Size:  918304      File Time:  2016-07-16_124256
Version:
   Company:    Microsoft Corporation
   Product:    Microsoft® Windows® Operating System
   FileDesc:   Microsoft® C Runtime Library
   FileVer:    10.0.14393.0
   ProdVer:    10.0.14393.0

Module 85
C:\WINDOWS\SYSTEM32\ntdll.dll
Image Base: 0x77a90000  Image Size: 0x00182000
File Size:  1570672     File Time:  2016-11-09_083044
Version:
   Company:    Microsoft Corporation
   Product:    Microsoft® Windows® Operating System
   FileDesc:   NT Layer DLL
   FileVer:    10.0.14393.447
   ProdVer:    10.0.14393.447


== [end of error.log] ==
