Unity Player [version: Unity 5.5.0b11_03364468e96e]

Inoha.exe caused an Access Violation (0xc0000005)
  in module Inoha.exe at 0023:008f3bdb.

Error occurred at 2016-12-01_144400.
D:\Projects\Unity\IndieGame\Inoha.exe, run by alex.
61% memory in use.
0 MB physical memory [0 MB free].
0 MB paging file [2957 MB free].
0 MB user address space [3585 MB free].
Write to location 3dc422af caused an access violation.

Context:
EDI:    0x03fee784  ESI: 0x00000017  EAX:   0x0000001e
EBX:    0x03d16030  ECX: 0x3d9d9089  EDX:   0x3dc422a3
EIP:    0x008f3bdb  EBP: 0x0158ef00  SegCs: 0x00000023
EFlags: 0x00210206  ESP: 0x0158eef8  SegSs: 0x0000002b

Bytes at CS:EIP:
89 4a 0c 89 51 08 8b ce c1 e1 05 03 c8 39 7c 8b 

Stack:
0x0158eef8: 03fee3fc 03d16030 0158ef18 008f429d ....0`....X..B..
0x0158ef08: 03d16030 036d19c0 03fee420 01221ac0 0`....m. .....".
0x0158ef18: 0158ef3c 001f1d98 03d16030 03fee420 <.X.....0`.. ...
0x0158ef28: 03fee420 00000007 03723b20 00000088  ....... ;r.....
0x0158ef38: 01221ac0 0158ef64 001f0dc7 00fee420 ..".d.X..... ...
0x0158ef48: 01221ac0 01221b80 00000088 001f0e3c .."...".....<...
0x0158ef58: 00000088 00000010 012208b0 0158ef9c .........."...X.
0x0158ef68: 001f33f3 00000088 00000010 1065e260 .3..........`.e.
0x0158ef78: 044a8a60 000000fc 00000000 008f2a3b `.J.........;*..
0x0158ef88: 0699abbc 044a9208 00000040 0699abbc ......J.@.......
0x0158ef98: 03e28dc4 0158efbc 001f38a0 00000088 ......X..8......
0x0158efa8: 00000010 00000017 00000000 01024eb8 .............N..
0x0158efb8: 00000a0e 0158eff0 008e34ae 00000088 ......X..4......
0x0158efc8: 00000017 00000010 01024eb8 00000a0e .........N......
0x0158efd8: 171b1d2c 03e28dc4 00000000 000000fc ,...............
0x0158efe8: 000000f8 001b1d2c 0158f070 003d2b6e ....,...p.X.n+=.
0x0158eff8: 0158f064 171b1d50 03ff2f00 171b1d2c d.X.P..../..,...
0x0158f008: 00000000 00000000 06215cc0 02676c48 .........\!.Hlg.
0x0158f018: 044a8a60 0158f064 008e0136 00000000 `.J.d.X.6.......
0x0158f028: 00000000 044a8a60 0158f070 0158f070 ....`.J.p.X.p.X.
0x0158f038: 0158f070 06250300 00000001 00000001 p.X...%.........
0x0158f048: 00000000 03e28dc0 03e29790 00000000 ................
0x0158f058: 00000000 00000000 03e56730 00000000 ........0g......
0x0158f068: 044a8a60 0158f0c4 0158f0c4 003d2c05 `.J...X...X..,=.
0x0158f078: 03ff2f00 171b1d2c 0387ddd0 03e29450 ./..,.......P...
0x0158f088: 00000003 00000001 00000000 0158f0f8 ..............X.
0x0158f098: 03e29450 0158f144 10300220 00000000 P...D.X. .0.....
0x0158f0a8: 00000000 00000000 00000000 00000000 ................
0x0158f0b8: 00000000 00000000 171b1d2c 0158f110 ........,.....X.
0x0158f0c8: 0027acc2 03ff2f00 171b1d2c 0387ddd0 ..'../..,.......
0x0158f0d8: 03e29450 00000003 00000001 00000000 P...............
0x0158f0e8: 0158f0f8 00000000 171a7e08 171b1830 ..X......~..0...
0x0158f0f8: 00000000 03e28dc0 03e29790 00000000 ................
0x0158f108: 00000000 00000000 0158f294 00290400 ..........X...).
0x0158f118: 171b1d2c 03ff2f00 0387ddd0 00e29450 ,..../......P...
0x0158f128: 00000003 00000000 00000000 00000000 ................
0x0158f138: 00000000 171b1d20 00000001 044a8a68 .... .......h.J.
0x0158f148: 044a8a60 0102b028 00000001 00000000 `.J.(...........
0x0158f158: 00000000 00000000 00000000 00000000 ................
0x0158f168: 00000000 00000000 00000001 00000000 ................
0x0158f178: 00000000 00000000 00000001 00000000 ................
0x0158f188: 00000000 00000000 00000001 00000000 ................
0x0158f198: 00000000 00000000 00000000 00000001 ................
0x0158f1a8: 13451501 00000000 00000001 00000000 ..E.............
0x0158f1b8: 00000000 03c0b040 00000001 00000000 ....@...........
0x0158f1c8: 00000080 00000101 0158f29f 1719cd58 ..........X.X...
0x0158f1d8: 002bb450 0043b110 00000003 03f881c4 P.+...C.........
0x0158f1e8: 000000f1 00000000 00000000 00000000 ................
0x0158f1f8: 00000000 00000000 00000000 00000000 ................
0x0158f208: 00000000 01000000 00000000 0158f200 ..............X.
0x0158f218: 00000000 00000000 00000000 00000318 ................
0x0158f228: 00000000 00000000 00000000 171b1454 ............T...
0x0158f238: 0158f144 044a8a68 00000000 1719cd58 D.X.h.J.....X...
0x0158f248: 00000003 00000000 00000000 00000007 ................
0x0158f258: 00000000 03ff2f00 0387ddd0 03e29450 ...../......P...
0x0158f268: 00000000 ffffffff 03ff2f00 0387ddd0 ........./......
0x0158f278: 03e29450 00000000 ffffffff 00000015 P...............
0x0158f288: 000000f0 044a8a60 171b1d2c 0158f2b4 ....`.J.,.....X.
0x0158f298: 0043fdd8 171b1d20 171b13c0 044a8a60 ..C. .......`.J.
0x0158f2a8: 171b13dc 0158f320 044a8a60 0158f304 .... .X.`.J...X.
0x0158f2b8: 008e6c7d 00000001 00290220 0158f320 }l...... .). .X.
0x0158f2c8: 171b13c0 171b13dc 171b13c0 171b1f50 ............P...
0x0158f2d8: 03d30ee4 171b1d50 0158f300 003f2072 ....P.....X.r ?.
0x0158f2e8: 171b1f50 03e543e0 044a8a60 03d30ec0 P....C..`.J.....
0x0158f2f8: 171b1d2c 0158f320 0158f314 0158f360 ,... .X...X.`.X.
0x0158f308: 00290c03 00000001 00290220 0158f320 ..)..... .). .X.
0x0158f318: 171b13c0 171b13dc 171b1d20 00000001 ........ .......
0x0158f328: 00290b01 1719cd58 171b13c0 044a8a60 ..).X.......`.J.
0x0158f338: 00000000 00000000 00000000 00000005 ................
0x0158f348: 171b13c0 0000001f c1e42e00 0000001f ................
0x0158f358: 00000001 00000001 0158f374 00290d2d ........t.X.-.).
0x0158f368: 03d30ec0 03d30ec0 134515e0 01597458 ..........E.XtY.
0x0158f378: 00227551 1719cd50 0159fb4c 00000000 Qu".P...L.Y.....
0x0158f388: 03d30ec0 0159f640 1719cd50 00000004 ....@.Y.P.......
0x0158f398: 00000000 00000001 00000000 00000000 ................
0x0158f3a8: 00000001 0102a830 0158f3c4 001f2c04 ....0.....X..,..
0x0158f3b8: 03740670 00000000 038b9404 0158f3d4 p.t...........X.
0x0158f3c8: 001f2f80 03740670 00000008 0158f42c ./..p.t.....,.X.
0x0158f3d8: 0023a3e8 03740670 134515e0 038b93c0 ..#.p.t...E.....
0x0158f3e8: 03740670 0374067c 0374067c 0000000b p.t.|.t.|.t.....
0x0158f3f8: 00000000 00000000 134515e0 00000001 ..........E.....
0x0158f408: 00000001 03d30ec0 0158f458 0158f424 ........X.X.$.X.
0x0158f418: 001f2fe2 00000000 00000001 0158f448 ./..........H.X.
0x0158f428: 03d30ec0 0158f458 0158f440 001f2fe2 ....X.X.@.X../..
0x0158f438: 00000000 00000001 0159748c 00261718 .........tY...&.
0x0158f448: 00000000 00000001 00000004 0028d8ae ..............(.
0x0158f458: 00000000 00000001 00000000 00000000 ................
0x0158f468: 00000001 0102a830 00000000 00000000 ....0...........
0x0158f478: 00000000 00000000 00000000 00000000 ................
0x0158f488: 00000000 00000000 00000000 00000000 ................
0x0158f498: 00000000 00000000 00000000 00000000 ................
0x0158f4a8: 00000000 00000000 00000000 00000000 ................
0x0158f4b8: 00000000 00000000 00000000 00000000 ................
0x0158f4c8: 00000000 00000000 00000000 00000000 ................
0x0158f4d8: 00000000 00000000 00000000 00000000 ................
0x0158f4e8: 00000000 00000000 00000000 00000000 ................
0x0158f4f8: 00000000 00000000 00000000 00000000 ................
0x0158f508: 00000000 00000000 00000000 00000000 ................
0x0158f518: 00000000 00000000 00000000 00000000 ................
0x0158f528: 00000000 00000000 00000000 00000000 ................
0x0158f538: 00000000 00000000 00000000 00000000 ................
0x0158f548: 00000000 00000000 00000000 00000000 ................
0x0158f558: 00000000 00000000 00000000 00000000 ................
0x0158f568: 00000000 00000000 00000000 00000000 ................
0x0158f578: 00000000 00000000 00000000 00000000 ................
0x0158f588: 00000000 00000000 00000000 00000000 ................
0x0158f598: 00000000 00000000 00000000 00000000 ................
0x0158f5a8: 00000000 00000000 00000000 00000000 ................
0x0158f5b8: 00000000 00000000 00000000 00000000 ................
0x0158f5c8: 00000000 00000000 00000000 00000000 ................
0x0158f5d8: 00000000 00000000 00000000 00000000 ................
0x0158f5e8: 00000000 00000000 00000000 00000000 ................
0x0158f5f8: 00000000 00000000 00000000 00000000 ................
0x0158f608: 00000000 00000000 00000000 00000000 ................
0x0158f618: 00000000 00000000 00000000 00000000 ................
0x0158f628: 00000000 00000000 00000000 00000000 ................
0x0158f638: 00000000 00000000 00000000 00000000 ................
0x0158f648: 00000000 00000000 00000000 00000000 ................
0x0158f658: 00000000 00000000 00000000 00000000 ................
0x0158f668: 00000000 00000000 00000000 00000000 ................
0x0158f678: 00000000 00000000 00000000 00000000 ................
0x0158f688: 00000000 00000000 00000000 00000000 ................
0x0158f698: 00000000 00000000 00000000 00000000 ................
0x0158f6a8: 00000000 00000000 00000000 00000000 ................
0x0158f6b8: 00000000 00000000 00000000 00000000 ................
0x0158f6c8: 00000000 00000000 00000000 00000000 ................
0x0158f6d8: 00000000 00000000 00000000 00000000 ................
0x0158f6e8: 00000000 00000000 00000000 00000000 ................
0x0158f6f8: 00000000 00000000 00000000 00000000 ................
0x0158f708: 00000000 00000000 00000000 00000000 ................
0x0158f718: 00000000 00000000 00000000 00000000 ................
0x0158f728: 00000000 00000000 00000000 00000000 ................
0x0158f738: 00000000 00000000 00000000 00000000 ................
0x0158f748: 00000000 00000000 00000000 00000000 ................
0x0158f758: 00000000 00000000 00000000 00000000 ................
0x0158f768: 00000000 00000000 00000000 00000000 ................
0x0158f778: 00000000 00000000 00000000 00000000 ................
0x0158f788: 00000000 00000000 00000000 00000000 ................
0x0158f798: 00000000 00000000 00000000 00000000 ................
0x0158f7a8: 00000000 00000000 00000000 00000000 ................
0x0158f7b8: 00000000 00000000 00000000 00000000 ................
0x0158f7c8: 00000000 00000000 00000000 00000000 ................
0x0158f7d8: 00000000 00000000 00000000 00000000 ................
0x0158f7e8: 00000000 00000000 00000000 00000000 ................
0x0158f7f8: 00000000 00000000 00000000 00000000 ................
0x0158f808: 00000000 00000000 00000000 00000000 ................
0x0158f818: 00000000 00000000 00000000 00000000 ................
0x0158f828: 00000000 00000000 00000000 00000000 ................
0x0158f838: 00000000 00000000 00000000 00000000 ................
0x0158f848: 00000000 00000000 00000000 00000000 ................
0x0158f858: 00000000 00000000 00000000 00000000 ................
0x0158f868: 00000000 00000000 00000000 00000000 ................
0x0158f878: 00000000 00000000 00000000 00000000 ................
0x0158f888: 00000000 00000000 00000000 00000000 ................
0x0158f898: 00000000 00000000 00000000 00000000 ................
0x0158f8a8: 00000000 00000000 00000000 00000000 ................
0x0158f8b8: 00000000 00000000 00000000 00000000 ................
0x0158f8c8: 00000000 00000000 00000000 00000000 ................
0x0158f8d8: 00000000 00000000 00000000 00000000 ................
0x0158f8e8: 00000000 00000000 00000000 00000000 ................
0x0158f8f8: 00000000 00000000 00000000 00000000 ................
0x0158f908: 00000000 00000000 00000000 00000000 ................
0x0158f918: 00000000 00000000 00000000 00000000 ................
0x0158f928: 00000000 00000000 00000000 00000000 ................
0x0158f938: 00000000 00000000 00000000 00000000 ................
0x0158f948: 00000000 00000000 00000000 00000000 ................
0x0158f958: 00000000 00000000 00000000 00000000 ................
0x0158f968: 00000000 00000000 00000000 00000000 ................
0x0158f978: 00000000 00000000 00000000 00000000 ................
0x0158f988: 00000000 00000000 00000000 00000000 ................
0x0158f998: 00000000 00000000 00000000 00000000 ................
0x0158f9a8: 00000000 00000000 00000000 00000000 ................
0x0158f9b8: 00000000 00000000 00000000 00000000 ................
0x0158f9c8: 00000000 00000000 00000000 00000000 ................
0x0158f9d8: 00000000 00000000 00000000 00000000 ................
0x0158f9e8: 00000000 00000000 00000000 00000000 ................
0x0158f9f8: 00000000 00000000 00000000 00000000 ................
0x0158fa08: 00000000 00000000 00000000 00000000 ................
0x0158fa18: 00000000 00000000 00000000 00000000 ................
0x0158fa28: 00000000 00000000 00000000 00000000 ................
0x0158fa38: 00000000 00000000 00000000 00000000 ................
0x0158fa48: 00000000 00000000 00000000 00000000 ................
0x0158fa58: 00000000 00000000 00000000 00000000 ................
0x0158fa68: 00000000 00000000 00000000 00000000 ................
0x0158fa78: 00000000 00000000 00000000 00000000 ................
0x0158fa88: 00000000 00000000 00000000 00000000 ................
0x0158fa98: 00000000 00000000 00000000 00000000 ................
0x0158faa8: 00000000 00000000 00000000 00000000 ................
0x0158fab8: 00000000 00000000 00000000 00000000 ................
0x0158fac8: 00000000 00000000 00000000 00000000 ................
0x0158fad8: 00000000 00000000 00000000 00000000 ................
0x0158fae8: 00000000 00000000 00000000 00000000 ................
0x0158faf8: 00000000 00000000 00000000 00000000 ................
0x0158fb08: 00000000 00000000 00000000 00000000 ................
0x0158fb18: 00000000 00000000 00000000 00000000 ................
0x0158fb28: 00000000 00000000 00000000 00000000 ................
0x0158fb38: 00000000 00000000 00000000 00000000 ................
0x0158fb48: 00000000 00000000 00000000 00000000 ................
0x0158fb58: 00000000 00000000 00000000 00000000 ................
0x0158fb68: 00000000 00000000 00000000 00000000 ................
0x0158fb78: 00000000 00000000 00000000 00000000 ................
0x0158fb88: 00000000 00000000 00000000 00000000 ................
0x0158fb98: 00000000 00000000 00000000 00000000 ................
0x0158fba8: 00000000 00000000 00000000 00000000 ................
0x0158fbb8: 00000000 00000000 00000000 00000000 ................
0x0158fbc8: 00000000 00000000 00000000 00000000 ................
0x0158fbd8: 00000000 00000000 00000000 00000000 ................
0x0158fbe8: 00000000 00000000 00000000 00000000 ................
0x0158fbf8: 00000000 00000000 00000000 00000000 ................
0x0158fc08: 00000000 00000000 00000000 00000000 ................
0x0158fc18: 00000000 00000000 00000000 00000000 ................
0x0158fc28: 00000000 00000000 00000000 00000000 ................
0x0158fc38: 00000000 00000000 00000000 00000000 ................
0x0158fc48: 00000000 00000000 00000000 00000000 ................
0x0158fc58: 00000000 00000000 00000000 00000000 ................
0x0158fc68: 00000000 00000000 00000000 00000000 ................
0x0158fc78: 00000000 00000000 00000000 00000000 ................
0x0158fc88: 00000000 00000000 00000000 00000000 ................
0x0158fc98: 00000000 00000000 00000000 00000000 ................
0x0158fca8: 00000000 00000000 00000000 00000000 ................
0x0158fcb8: 00000000 00000000 00000000 00000000 ................
0x0158fcc8: 00000000 00000000 00000000 00000000 ................
0x0158fcd8: 00000000 00000000 00000000 00000000 ................
0x0158fce8: 00000000 00000000 00000000 00000000 ................
0x0158fcf8: 00000000 00000000 00000000 00000000 ................
0x0158fd08: 00000000 00000000 00000000 00000000 ................
0x0158fd18: 00000000 00000000 00000000 00000000 ................
0x0158fd28: 00000000 00000000 00000000 00000000 ................
0x0158fd38: 00000000 00000000 00000000 00000000 ................
0x0158fd48: 00000000 00000000 00000000 00000000 ................
0x0158fd58: 00000000 00000000 00000000 00000000 ................
0x0158fd68: 00000000 00000000 00000000 00000000 ................
0x0158fd78: 00000000 00000000 00000000 00000000 ................
0x0158fd88: 00000000 00000000 00000000 00000000 ................
0x0158fd98: 00000000 00000000 00000000 00000000 ................
0x0158fda8: 00000000 00000000 00000000 00000000 ................
0x0158fdb8: 00000000 00000000 00000000 00000000 ................
0x0158fdc8: 00000000 00000000 00000000 00000000 ................
0x0158fdd8: 00000000 00000000 00000000 00000000 ................
0x0158fde8: 00000000 00000000 00000000 00000000 ................
0x0158fdf8: 00000000 00000000 00000000 00000000 ................
0x0158fe08: 00000000 00000000 00000000 00000000 ................
0x0158fe18: 00000000 00000000 00000000 00000000 ................
0x0158fe28: 00000000 00000000 00000000 00000000 ................
0x0158fe38: 00000000 00000000 00000000 00000000 ................
0x0158fe48: 00000000 00000000 00000000 00000000 ................
0x0158fe58: 00000000 00000000 00000000 00000000 ................
0x0158fe68: 00000000 00000000 00000000 00000000 ................
0x0158fe78: 00000000 00000000 00000000 00000000 ................
0x0158fe88: 00000000 00000000 00000000 00000000 ................
0x0158fe98: 00000000 00000000 00000000 00000000 ................
0x0158fea8: 00000000 00000000 00000000 00000000 ................
0x0158feb8: 00000000 00000000 00000000 00000000 ................
0x0158fec8: 00000000 00000000 00000000 00000000 ................
0x0158fed8: 00000000 00000000 00000000 00000000 ................
0x0158fee8: 00000000 00000000 00000000 00000000 ................
0x0158fef8: 00000000 00000000 00000000 00000000 ................
0x0158ff08: 00000000 00000000 00000000 00000000 ................
0x0158ff18: 00000000 00000000 00000000 00000000 ................
0x0158ff28: 00000000 00000000 00000000 00000000 ................
0x0158ff38: 00000000 00000000 00000000 00000000 ................
0x0158ff48: 00000000 00000000 00000000 00000000 ................
0x0158ff58: 00000000 00000000 00000000 00000000 ................
0x0158ff68: 00000000 00000000 00000000 00000000 ................
0x0158ff78: 00000000 00000000 00000000 00000000 ................
0x0158ff88: 00000000 00000000 00000000 00000000 ................
0x0158ff98: 00000000 00000000 00000000 00000000 ................
0x0158ffa8: 00000000 00000000 00000000 00000000 ................
0x0158ffb8: 00000000 00000000 00000000 00000000 ................
0x0158ffc8: 00000000 00000000 00000000 00000000 ................
0x0158ffd8: 00000000 00000000 00000000 00000000 ................
0x0158ffe8: 00000000 00000000 00000000 00000000 ................
0x0158fff8: 00000000 00000000 00000000 00000000 ................
0x01590008: 00000000 00000000 00000000 00000000 ................
0x01590018: 00000000 00000000 00000000 00000000 ................
0x01590028: 00000000 00000000 00000000 00000000 ................
0x01590038: 00000000 00000000 00000000 00000000 ................
0x01590048: 00000000 00000000 00000000 00000000 ................
0x01590058: 00000000 00000000 00000000 00000000 ................
0x01590068: 00000000 00000000 00000000 00000000 ................
0x01590078: 00000000 00000000 00000000 00000000 ................
0x01590088: 00000000 00000000 00000000 00000000 ................
0x01590098: 00000000 00000000 00000000 00000000 ................
0x015900a8: 00000000 00000000 00000000 00000000 ................
0x015900b8: 00000000 00000000 00000000 00000000 ................
0x015900c8: 00000000 00000000 00000000 00000000 ................
0x015900d8: 00000000 00000000 00000000 00000000 ................
0x015900e8: 00000000 00000000 00000000 00000000 ................
0x015900f8: 00000000 00000000 00000000 00000000 ................
0x01590108: 00000000 00000000 00000000 00000000 ................
0x01590118: 00000000 00000000 00000000 00000000 ................
0x01590128: 00000000 00000000 00000000 00000000 ................
0x01590138: 00000000 00000000 00000000 00000000 ................
0x01590148: 00000000 00000000 00000000 00000000 ................
0x01590158: 00000000 00000000 00000000 00000000 ................
0x01590168: 00000000 00000000 00000000 00000000 ................
0x01590178: 00000000 00000000 00000000 00000000 ................
0x01590188: 00000000 00000000 00000000 00000000 ................
0x01590198: 00000000 00000000 00000000 00000000 ................
0x015901a8: 00000000 00000000 00000000 00000000 ................
0x015901b8: 00000000 00000000 00000000 00000000 ................
0x015901c8: 00000000 00000000 00000000 00000000 ................
0x015901d8: 00000000 00000000 00000000 00000000 ................
0x015901e8: 00000000 00000000 00000000 00000000 ................
0x015901f8: 00000000 00000000 00000000 00000000 ................
0x01590208: 00000000 00000000 00000000 00000000 ................
0x01590218: 00000000 00000000 00000000 00000000 ................
0x01590228: 00000000 00000000 00000000 00000000 ................
0x01590238: 00000000 00000000 00000000 00000000 ................
0x01590248: 00000000 00000000 00000000 00000000 ................
0x01590258: 00000000 00000000 00000000 00000000 ................
0x01590268: 00000000 00000000 00000000 00000000 ................
0x01590278: 00000000 00000000 00000000 00000000 ................
0x01590288: 00000000 00000000 00000000 00000000 ................
0x01590298: 00000000 00000000 00000000 00000000 ................
0x015902a8: 00000000 00000000 00000000 00000000 ................
0x015902b8: 00000000 00000000 00000000 00000000 ................
0x015902c8: 00000000 00000000 00000000 00000000 ................
0x015902d8: 00000000 00000000 00000000 00000000 ................
0x015902e8: 00000000 00000000 00000000 00000000 ................
0x015902f8: 00000000 00000000 00000000 00000000 ................
0x01590308: 00000000 00000000 00000000 00000000 ................
0x01590318: 00000000 00000000 00000000 00000000 ................
0x01590328: 00000000 00000000 00000000 00000000 ................
0x01590338: 00000000 00000000 00000000 00000000 ................
0x01590348: 00000000 00000000 00000000 00000000 ................
0x01590358: 00000000 00000000 00000000 00000000 ................
0x01590368: 00000000 00000000 00000000 00000000 ................
0x01590378: 00000000 00000000 00000000 00000000 ................
0x01590388: 00000000 00000000 00000000 00000000 ................
0x01590398: 00000000 00000000 00000000 00000000 ................
0x015903a8: 00000000 00000000 00000000 00000000 ................
0x015903b8: 00000000 00000000 00000000 00000000 ................
0x015903c8: 00000000 00000000 00000000 00000000 ................
0x015903d8: 00000000 00000000 00000000 00000000 ................
0x015903e8: 00000000 00000000 00000000 00000000 ................
0x015903f8: 00000000 00000000 00000000 00000000 ................
0x01590408: 00000000 00000000 00000000 00000000 ................
0x01590418: 00000000 00000000 00000000 00000000 ................
0x01590428: 00000000 00000000 00000000 00000000 ................
0x01590438: 00000000 00000000 00000000 00000000 ................
0x01590448: 00000000 00000000 00000000 00000000 ................
0x01590458: 00000000 00000000 00000000 00000000 ................
0x01590468: 00000000 00000000 00000000 00000000 ................
0x01590478: 00000000 00000000 00000000 00000000 ................
0x01590488: 00000000 00000000 00000000 00000000 ................
0x01590498: 00000000 00000000 00000000 00000000 ................
0x015904a8: 00000000 00000000 00000000 00000000 ................
0x015904b8: 00000000 00000000 00000000 00000000 ................
0x015904c8: 00000000 00000000 00000000 00000000 ................
0x015904d8: 00000000 00000000 00000000 00000000 ................
0x015904e8: 00000000 00000000 00000000 00000000 ................
0x015904f8: 00000000 00000000 00000000 00000000 ................
0x01590508: 00000000 00000000 00000000 00000000 ................
0x01590518: 00000000 00000000 00000000 00000000 ................
0x01590528: 00000000 00000000 00000000 00000000 ................
0x01590538: 00000000 00000000 00000000 00000000 ................
0x01590548: 00000000 00000000 00000000 00000000 ................
0x01590558: 00000000 00000000 00000000 00000000 ................
0x01590568: 00000000 00000000 00000000 00000000 ................
0x01590578: 00000000 00000000 00000000 00000000 ................
0x01590588: 00000000 00000000 00000000 00000000 ................
0x01590598: 00000000 00000000 00000000 00000000 ................
0x015905a8: 00000000 00000000 00000000 00000000 ................
0x015905b8: 00000000 00000000 00000000 00000000 ................
0x015905c8: 00000000 00000000 00000000 00000000 ................
0x015905d8: 00000000 00000000 00000000 00000000 ................
0x015905e8: 00000000 00000000 00000000 00000000 ................
0x015905f8: 00000000 00000000 00000000 00000000 ................
0x01590608: 00000000 00000000 00000000 00000000 ................
0x01590618: 00000000 00000000 00000000 00000000 ................
0x01590628: 00000000 00000000 00000000 00000000 ................
0x01590638: 00000000 00000000 00000000 00000000 ................
0x01590648: 00000000 00000000 00000000 00000000 ................
0x01590658: 00000000 00000000 00000000 00000000 ................
0x01590668: 00000000 00000000 00000000 00000000 ................
0x01590678: 00000000 00000000 00000000 00000000 ................
0x01590688: 00000000 00000000 00000000 00000000 ................
0x01590698: 00000000 00000000 00000000 00000000 ................
0x015906a8: 00000000 00000000 00000000 00000000 ................
0x015906b8: 00000000 00000000 00000000 00000000 ................
0x015906c8: 00000000 00000000 00000000 00000000 ................
0x015906d8: 00000000 00000000 00000000 00000000 ................
0x015906e8: 00000000 00000000 00000000 00000000 ................
0x015906f8: 00000000 00000000 00000000 00000000 ................
0x01590708: 00000000 00000000 00000000 00000000 ................
0x01590718: 00000000 00000000 00000000 00000000 ................
0x01590728: 00000000 00000000 00000000 00000000 ................
0x01590738: 00000000 00000000 00000000 00000000 ................
0x01590748: 00000000 00000000 00000000 00000000 ................
0x01590758: 00000000 00000000 00000000 00000000 ................
0x01590768: 00000000 00000000 00000000 00000000 ................
0x01590778: 00000000 00000000 00000000 00000000 ................
0x01590788: 00000000 00000000 00000000 00000000 ................
0x01590798: 00000000 00000000 00000000 00000000 ................
0x015907a8: 00000000 00000000 00000000 00000000 ................
0x015907b8: 00000000 00000000 00000000 00000000 ................
0x015907c8: 00000000 00000000 00000000 00000000 ................
0x015907d8: 00000000 00000000 00000000 00000000 ................
0x015907e8: 00000000 00000000 00000000 00000000 ................
0x015907f8: 00000000 00000000 00000000 00000000 ................
0x01590808: 00000000 00000000 00000000 00000000 ................
0x01590818: 00000000 00000000 00000000 00000000 ................
0x01590828: 00000000 00000000 00000000 00000000 ................
0x01590838: 00000000 00000000 00000000 00000000 ................
0x01590848: 00000000 00000000 00000000 00000000 ................
0x01590858: 00000000 00000000 00000000 00000000 ................
0x01590868: 00000000 00000000 00000000 00000000 ................
0x01590878: 00000000 00000000 00000000 00000000 ................
0x01590888: 00000000 00000000 00000000 00000000 ................
0x01590898: 00000000 00000000 00000000 00000000 ................
0x015908a8: 00000000 00000000 00000000 00000000 ................
0x015908b8: 00000000 00000000 00000000 00000000 ................
0x015908c8: 00000000 00000000 00000000 00000000 ................
0x015908d8: 00000000 00000000 00000000 00000000 ................
0x015908e8: 00000000 00000000 00000000 00000000 ................
0x015908f8: 00000000 00000000 00000000 00000000 ................
0x01590908: 00000000 00000000 00000000 00000000 ................
0x01590918: 00000000 00000000 00000000 00000000 ................
0x01590928: 00000000 00000000 00000000 00000000 ................
0x01590938: 00000000 00000000 00000000 00000000 ................
0x01590948: 00000000 00000000 00000000 00000000 ................
0x01590958: 00000000 00000000 00000000 00000000 ................
0x01590968: 00000000 00000000 00000000 00000000 ................
0x01590978: 00000000 00000000 00000000 00000000 ................
0x01590988: 00000000 00000000 00000000 00000000 ................
0x01590998: 00000000 00000000 00000000 00000000 ................
0x015909a8: 00000000 00000000 00000000 00000000 ................
0x015909b8: 00000000 00000000 00000000 00000000 ................
0x015909c8: 00000000 00000000 00000000 00000000 ................
0x015909d8: 00000000 00000000 00000000 00000000 ................
0x015909e8: 00000000 00000000 00000000 00000000 ................
0x015909f8: 00000000 00000000 00000000 00000000 ................
0x01590a08: 00000000 00000000 00000000 00000000 ................
0x01590a18: 00000000 00000000 00000000 00000000 ................
0x01590a28: 00000000 00000000 00000000 00000000 ................
0x01590a38: 00000000 00000000 00000000 00000000 ................
0x01590a48: 00000000 00000000 00000000 00000000 ................
0x01590a58: 00000000 00000000 00000000 00000000 ................
0x01590a68: 00000000 00000000 00000000 00000000 ................
0x01590a78: 00000000 00000000 00000000 00000000 ................
0x01590a88: 00000000 00000000 00000000 00000000 ................
0x01590a98: 00000000 00000000 00000000 00000000 ................
0x01590aa8: 00000000 00000000 00000000 00000000 ................
0x01590ab8: 00000000 00000000 00000000 00000000 ................
0x01590ac8: 00000000 00000000 00000000 00000000 ................
0x01590ad8: 00000000 00000000 00000000 00000000 ................
0x01590ae8: 00000000 00000000 00000000 00000000 ................
0x01590af8: 00000000 00000000 00000000 00000000 ................
0x01590b08: 00000000 00000000 00000000 00000000 ................
0x01590b18: 00000000 00000000 00000000 00000000 ................
0x01590b28: 00000000 00000000 00000000 00000000 ................
0x01590b38: 00000000 00000000 00000000 00000000 ................
0x01590b48: 00000000 00000000 00000000 00000000 ................
0x01590b58: 00000000 00000000 00000000 00000000 ................
0x01590b68: 00000000 00000000 00000000 00000000 ................
0x01590b78: 00000000 00000000 00000000 00000000 ................
0x01590b88: 00000000 00000000 00000000 00000000 ................
0x01590b98: 00000000 00000000 00000000 00000000 ................
0x01590ba8: 00000000 00000000 00000000 00000000 ................
0x01590bb8: 00000000 00000000 00000000 00000000 ................
0x01590bc8: 00000000 00000000 00000000 00000000 ................
0x01590bd8: 00000000 00000000 00000000 00000000 ................
0x01590be8: 00000000 00000000 00000000 00000000 ................
0x01590bf8: 00000000 00000000 00000000 00000000 ................
0x01590c08: 00000000 00000000 00000000 00000000 ................
0x01590c18: 00000000 00000000 00000000 00000000 ................
0x01590c28: 00000000 00000000 00000000 00000000 ................
0x01590c38: 00000000 00000000 00000000 00000000 ................
0x01590c48: 00000000 00000000 00000000 00000000 ................
0x01590c58: 00000000 00000000 00000000 00000000 ................
0x01590c68: 00000000 00000000 00000000 00000000 ................
0x01590c78: 00000000 00000000 00000000 00000000 ................
0x01590c88: 00000000 00000000 00000000 00000000 ................
0x01590c98: 00000000 00000000 00000000 00000000 ................
0x01590ca8: 00000000 00000000 00000000 00000000 ................
0x01590cb8: 00000000 00000000 00000000 00000000 ................
0x01590cc8: 00000000 00000000 00000000 00000000 ................
0x01590cd8: 00000000 00000000 00000000 00000000 ................
0x01590ce8: 00000000 00000000 00000000 00000000 ................
0x01590cf8: 00000000 00000000 00000000 00000000 ................
0x01590d08: 00000000 00000000 00000000 00000000 ................
0x01590d18: 00000000 00000000 00000000 00000000 ................
0x01590d28: 00000000 00000000 00000000 00000000 ................
0x01590d38: 00000000 00000000 00000000 00000000 ................
0x01590d48: 00000000 00000000 00000000 00000000 ................
0x01590d58: 00000000 00000000 00000000 00000000 ................
0x01590d68: 00000000 00000000 00000000 00000000 ................
0x01590d78: 00000000 00000000 00000000 00000000 ................
0x01590d88: 00000000 00000000 00000000 00000000 ................
0x01590d98: 00000000 00000000 00000000 00000000 ................
0x01590da8: 00000000 00000000 00000000 00000000 ................
0x01590db8: 00000000 00000000 00000000 00000000 ................
0x01590dc8: 00000000 00000000 00000000 00000000 ................
0x01590dd8: 00000000 00000000 00000000 00000000 ................
0x01590de8: 00000000 00000000 00000000 00000000 ................
0x01590df8: 00000000 00000000 00000000 00000000 ................
0x01590e08: 00000000 00000000 00000000 00000000 ................
0x01590e18: 00000000 00000000 00000000 00000000 ................
0x01590e28: 00000000 00000000 00000000 00000000 ................
0x01590e38: 00000000 00000000 00000000 00000000 ................
0x01590e48: 00000000 00000000 00000000 00000000 ................
0x01590e58: 00000000 00000000 00000000 00000000 ................
0x01590e68: 00000000 00000000 00000000 00000000 ................
0x01590e78: 00000000 00000000 00000000 00000000 ................
0x01590e88: 00000000 00000000 00000000 00000000 ................
0x01590e98: 00000000 00000000 00000000 00000000 ................
0x01590ea8: 00000000 00000000 00000000 00000000 ................
0x01590eb8: 00000000 00000000 00000000 00000000 ................
0x01590ec8: 00000000 00000000 00000000 00000000 ................
0x01590ed8: 00000000 00000000 00000000 00000000 ................
0x01590ee8: 00000000 00000000 00000000 00000000 ................

Module 1
D:\Projects\Unity\IndieGame\Inoha.exe
Image Base: 0x001e0000  Image Size: 0x0122b000
File Size:  18186752    File Time:  2016-12-01_144336
Version:
   Company:    
   Product:    
   FileDesc:   
   FileVer:    5.5.0.13892
   ProdVer:    5.5.0.13892

Module 2
C:\WINDOWS\SYSTEM32\xinput1_3.dll
Image Base: 0x00400000  Image Size: 0x00016000
File Size:  81768       File Time:  2007-04-04_185342
Version:
   Company:    Microsoft Corporation
   Product:    Microsoft® DirectX for Windows®
   FileDesc:   Microsoft Common Controller API
   FileVer:    9.18.944.0
   ProdVer:    9.18.944.0

Module 3
D:\Projects\Unity\IndieGame\Inoha_Data\Mono\mono.dll
Image Base: 0x10000000  Image Size: 0x00231000
File Size:  2115032     File Time:  2016-11-02_015534
Version:
   Company:    Unity Technologies
   Product:    libmono
   FileDesc:   Unity Technologies fork of mono runtime
   FileVer:    1.0.0.1
   ProdVer:    1.0.0.1

Module 4
C:\WINDOWS\SYSTEM32\wintypes.dll
Image Base: 0x544a0000  Image Size: 0x000cf000
File Size:  846560      File Time:  2016-10-15_051810
Version:
   Company:    Microsoft Corporation
   Product:    Microsoft® Windows® Operating System
   FileDesc:   Windows Base Types DLL
   FileVer:    10.0.14393.351
   ProdVer:    10.0.14393.351

Module 5
C:\WINDOWS\SYSTEM32\AUDIOSES.DLL
Image Base: 0x54570000  Image Size: 0x0007b000
File Size:  484584      File Time:  2016-11-09_083048
Version:
   Company:    Microsoft Corporation
   Product:    Microsoft® Windows® Operating System
   FileDesc:   Audio Session
   FileVer:    10.0.14393.447
   ProdVer:    10.0.14393.447

Module 6
C:\WINDOWS\SYSTEM32\DCIMAN32.dll
Image Base: 0x54770000  Image Size: 0x00007000
File Size:  11776       File Time:  2016-07-16_124250
Version:
   Company:    Microsoft Corporation
   Product:    Microsoft® Windows® Operating System
   FileDesc:   DCI Manager
   FileVer:    10.0.14393.0
   ProdVer:    10.0.14393.0

Module 7
C:\WINDOWS\SYSTEM32\DDRAW.dll
Image Base: 0x54780000  Image Size: 0x000ed000
File Size:  548352      File Time:  2016-11-09_083034
Version:
   Company:    Microsoft Corporation
   Product:    Microsoft® Windows® Operating System
   FileDesc:   Microsoft DirectDraw
   FileVer:    10.0.14393.447
   ProdVer:    10.0.14393.447

Module 8
C:\WINDOWS\SYSTEM32\GLU32.dll
Image Base: 0x54870000  Image Size: 0x00025000
File Size:  141312      File Time:  2016-07-16_124306
Version:
   Company:    Microsoft Corporation
   Product:    Microsoft® Windows® Operating System
   FileDesc:   OpenGL Utility Library DLL
   FileVer:    10.0.14393.0
   ProdVer:    10.0.14393.0

Module 9
C:\WINDOWS\SYSTEM32\OPENGL32.dll
Image Base: 0x548a0000  Image Size: 0x000e0000
File Size:  786944      File Time:  2016-07-16_124306
Version:
   Company:    Microsoft Corporation
   Product:    Microsoft® Windows® Operating System
   FileDesc:   OpenGL Client DLL
   FileVer:    10.0.14393.0
   ProdVer:    10.0.14393.0

Module 10
C:\WINDOWS\SYSTEM32\ksuser.dll
Image Base: 0x5eec0000  Image Size: 0x00007000
File Size:  20672       File Time:  2016-07-16_124250
Version:
   Company:    Microsoft Corporation
   Product:    Microsoft® Windows® Operating System
   FileDesc:   User CSA Library
   FileVer:    10.0.14393.0
   ProdVer:    10.0.14393.0

Module 11
C:\WINDOWS\SYSTEM32\AVRT.dll
Image Base: 0x5eed0000  Image Size: 0x00009000
File Size:  29448       File Time:  2016-07-16_124250
Version:
   Company:    Microsoft Corporation
   Product:    Microsoft® Windows® Operating System
   FileDesc:   Multimedia Realtime Runtime
   FileVer:    10.0.14393.0
   ProdVer:    10.0.14393.0

Module 12
D:\Projects\Unity\IndieGame\Inoha_Data\Plugins\fmodstudio.dll
Image Base: 0x5f880000  Image Size: 0x002d2000
File Size:  2676736     File Time:  2016-11-24_120726
Version:
   Company:    Firelight Technologies
   Product:    FMOD
   FileDesc:   FMOD Studio Runtime
   FileVer:    0.1.8.14
   ProdVer:    0.1.8.14

Module 13
C:\WINDOWS\SYSTEM32\MSACM32.dll
Image Base: 0x5ffe0000  Image Size: 0x00018000
File Size:  90912       File Time:  2016-07-16_124250
Version:
   Company:    Microsoft Corporation
   Product:    Microsoft® Windows® Operating System
   FileDesc:   Microsoft ACM Audio Filter
   FileVer:    10.0.14393.0
   ProdVer:    10.0.14393.0

Module 14
C:\WINDOWS\SYSTEM32\icm32.dll
Image Base: 0x60970000  Image Size: 0x0003d000
File Size:  230912      File Time:  2016-07-16_124250
Version:
   Company:    Microsoft Corporation
   Product:    Microsoft® Windows® Operating System
   FileDesc:   Microsoft Color Management Module (CMM)
   FileVer:    10.0.14393.0
   ProdVer:    10.0.14393.0

Module 15
C:\WINDOWS\SYSTEM32\mscms.dll
Image Base: 0x609b0000  Image Size: 0x00085000
File Size:  526336      File Time:  2016-07-16_124250
Version:
   Company:    Microsoft Corporation
   Product:    Microsoft® Windows® Operating System
   FileDesc:   Microsoft Color Matching System DLL
   FileVer:    10.0.14393.0
   ProdVer:    10.0.14393.0

Module 16
C:\WINDOWS\System32\DriverStore\FileRepository\nvmii.inf_amd64_cd02aa57716cacd3\nvwgf2um.dll
Image Base: 0x61190000  Image Size: 0x013b8000
File Size:  20732320    File Time:  2016-11-17_030612
Version:
   Company:    NVIDIA Corporation
   Product:    NVIDIA D3D10 drivers
   FileDesc:   NVIDIA D3D10 Driver, Version 375.95 
   FileVer:    21.21.13.7595
   ProdVer:    21.21.13.7595

Module 17
C:\Program Files\Nahimic\Nahimic2\UserInterface\Nahimic2OSD.dll
Image Base: 0x6f050000  Image Size: 0x00042000
File Size:  250552      File Time:  2016-10-07_152136
Version:
   Company:    
   Product:    
   FileDesc:   
   FileVer:    0.0.0.0
   ProdVer:    0.0.0.0

Module 18
C:\WINDOWS\System32\MMDevApi.dll
Image Base: 0x6f2e0000  Image Size: 0x00058000
File Size:  352768      File Time:  2016-07-16_124250
Version:
   Company:    Microsoft Corporation
   Product:    Microsoft® Windows® Operating System
   FileDesc:   MMDevice API
   FileVer:    10.0.14393.0
   ProdVer:    10.0.14393.0

Module 19
C:\WINDOWS\system32\nvspcap.dll
Image Base: 0x702b0000  Image Size: 0x00164000
File Size:  1454136     File Time:  2016-10-25_212108
Version:
   Company:    NVIDIA Corporation
   Product:    NVIDIA GeForce Experience
   FileDesc:   NVIDIA Capture Server Proxy
   FileVer:    3.1.0.52
   ProdVer:    3.1.0.52

Module 20
C:\Program Files\Nahimic\Nahimic2\UserInterface\Nahimic2DevProps.dll
Image Base: 0x70780000  Image Size: 0x0002d000
File Size:  175800      File Time:  2016-10-07_152328
Version:
   Company:    
   Product:    
   FileDesc:   
   FileVer:    0.0.0.0
   ProdVer:    0.0.0.0

Module 21
C:\WINDOWS\SYSTEM32\d3d11.dll
Image Base: 0x70cc0000  Image Size: 0x0022f000
File Size:  2276736     File Time:  2016-10-15_052050
Version:
   Company:    Microsoft Corporation
   Product:    Microsoft® Windows® Operating System
   FileDesc:   Direct3D 11 Runtime
   FileVer:    10.0.14393.351
   ProdVer:    10.0.14393.351

Module 22
C:\WINDOWS\SYSTEM32\DNSAPI.dll
Image Base: 0x71c50000  Image Size: 0x0007c000
File Size:  496872      File Time:  2016-09-15_183716
Version:
   Company:    Microsoft Corporation
   Product:    Microsoft® Windows® Operating System
   FileDesc:   DNS Client API DLL
   FileVer:    10.0.14393.206
   ProdVer:    10.0.14393.206

Module 23
C:\WINDOWS\SYSTEM32\midimap.dll
Image Base: 0x71e40000  Image Size: 0x00008000
File Size:  18944       File Time:  2016-07-16_124250
Version:
   Company:    Microsoft Corporation
   Product:    Microsoft® Windows® Operating System
   FileDesc:   Microsoft MIDI Mapper
   FileVer:    10.0.14393.0
   ProdVer:    10.0.14393.0

Module 24
C:\WINDOWS\SYSTEM32\msacm32.drv
Image Base: 0x71e50000  Image Size: 0x0000a000
File Size:  24576       File Time:  2016-07-16_124250
Version:
   Company:    Microsoft Corporation
   Product:    Microsoft® Windows® Operating System
   FileDesc:   Microsoft Sound Mapper
   FileVer:    10.0.14393.0
   ProdVer:    10.0.14393.0

Module 25
C:\WINDOWS\SYSTEM32\wdmaud.drv
Image Base: 0x71e60000  Image Size: 0x00039000
File Size:  207360      File Time:  2016-07-16_124250
Version:
   Company:    Microsoft Corporation
   Product:    Microsoft® Windows® Operating System
   FileDesc:   Winmm  audio system driver
   FileVer:    10.0.14393.0
   ProdVer:    10.0.14393.0

Module 26
C:\WINDOWS\system32\nvapi.dll
Image Base: 0x720f0000  Image Size: 0x00387000
File Size:  3474064     File Time:  2016-11-17_030612
Version:
   Company:    NVIDIA Corporation
   Product:    NVIDIA Windows drivers
   FileDesc:   NVIDIA NVAPI Library, Version 375.95 
   FileVer:    21.21.13.7595
   ProdVer:    21.21.13.7595

Module 27
C:\WINDOWS\system32\wbem\fastprox.dll
Image Base: 0x72520000  Image Size: 0x000c2000
File Size:  779776      File Time:  2016-07-16_124258
Version:
   Company:    Microsoft Corporation
   Product:    Microsoft® Windows® Operating System
   FileDesc:   WMI Custom Marshaller
   FileVer:    10.0.14393.0
   ProdVer:    10.0.14393.0

Module 28
C:\WINDOWS\system32\wbem\wbemsvc.dll
Image Base: 0x725f0000  Image Size: 0x00010000
File Size:  48640       File Time:  2016-07-16_124258
Version:
   Company:    Microsoft Corporation
   Product:    Microsoft® Windows® Operating System
   FileDesc:   WMI
   FileVer:    10.0.14393.0
   ProdVer:    10.0.14393.0

Module 29
C:\WINDOWS\system32\wbem\wbemprox.dll
Image Base: 0x72620000  Image Size: 0x0000d000
File Size:  35328       File Time:  2016-07-16_124258
Version:
   Company:    Microsoft Corporation
   Product:    Microsoft® Windows® Operating System
   FileDesc:   WMI
   FileVer:    10.0.14393.0
   ProdVer:    10.0.14393.0

Module 30
C:\WINDOWS\SYSTEM32\wbemcomn.dll
Image Base: 0x72630000  Image Size: 0x00067000
File Size:  391168      File Time:  2016-07-16_124258
Version:
   Company:    Microsoft Corporation
   Product:    Microsoft® Windows® Operating System
   FileDesc:   WMI
   FileVer:    10.0.14393.0
   ProdVer:    10.0.14393.0

Module 31
C:\WINDOWS\system32\dwmapi.dll
Image Base: 0x72800000  Image Size: 0x0001f000
File Size:  113504      File Time:  2016-09-15_181352
Version:
   Company:    Microsoft Corporation
   Product:    Microsoft® Windows® Operating System
   FileDesc:   Microsoft Desktop Window Manager API
   FileVer:    10.0.14393.206
   ProdVer:    10.0.14393.206

Module 32
C:\WINDOWS\SYSTEM32\dbghelp.dll
Image Base: 0x72820000  Image Size: 0x00145000
File Size:  1220608     File Time:  2016-07-16_124258
Version:
   Company:    Microsoft
   Product:    Microsoft® Windows® Operating System
   FileDesc:   Windows Image Helper
   FileVer:    10.0.14321.1024
   ProdVer:    10.0.14321.1024

Module 33
C:\WINDOWS\SYSTEM32\dxgi.dll
Image Base: 0x729d0000  Image Size: 0x00084000
File Size:  527880      File Time:  2016-07-16_124250
Version:
   Company:    Microsoft Corporation
   Product:    Microsoft® Windows® Operating System
   FileDesc:   DirectX Graphics Infrastructure
   FileVer:    10.0.14393.0
   ProdVer:    10.0.14393.0

Module 34
C:\WINDOWS\SYSTEM32\MSWSOCK.dll
Image Base: 0x72a60000  Image Size: 0x0004e000
File Size:  306016      File Time:  2016-07-16_124256
Version:
   Company:    Microsoft Corporation
   Product:    Microsoft® Windows® Operating System
   FileDesc:   Microsoft Windows Sockets 2.0 Service Provider
   FileVer:    10.0.14393.0
   ProdVer:    10.0.14393.0

Module 35
C:\WINDOWS\system32\rsaenh.dll
Image Base: 0x72db0000  Image Size: 0x0002f000
File Size:  184416      File Time:  2016-07-16_124256
Version:
   Company:    Microsoft Corporation
   Product:    Microsoft® Windows® Operating System
   FileDesc:   Microsoft Enhanced Cryptographic Provider
   FileVer:    10.0.14393.0
   ProdVer:    10.0.14393.0

Module 36
C:\WINDOWS\SYSTEM32\CRYPTSP.dll
Image Base: 0x72de0000  Image Size: 0x00013000
File Size:  68720       File Time:  2016-07-16_124256
Version:
   Company:    Microsoft Corporation
   Product:    Microsoft® Windows® Operating System
   FileDesc:   Cryptographic Service Provider API
   FileVer:    10.0.14393.0
   ProdVer:    10.0.14393.0

Module 37
C:\WINDOWS\SYSTEM32\WINHTTP.dll
Image Base: 0x734a0000  Image Size: 0x000a0000
File Size:  636928      File Time:  2016-10-15_044418
Version:
   Company:    Microsoft Corporation
   Product:    Microsoft® Windows® Operating System
   FileDesc:   Windows HTTP Services
   FileVer:    10.0.14393.351
   ProdVer:    10.0.14393.351

Module 38
C:\WINDOWS\SYSTEM32\IPHLPAPI.DLL
Image Base: 0x73540000  Image Size: 0x0002f000
File Size:  184416      File Time:  2016-07-16_124256
Version:
   Company:    Microsoft Corporation
   Product:    Microsoft® Windows® Operating System
   FileDesc:   IP Helper API
   FileVer:    10.0.14393.0
   ProdVer:    10.0.14393.0

Module 39
C:\WINDOWS\system32\uxtheme.dll
Image Base: 0x737b0000  Image Size: 0x00075000
File Size:  457728      File Time:  2016-07-16_124306
Version:
   Company:    Microsoft Corporation
   Product:    Microsoft® Windows® Operating System
   FileDesc:   Microsoft UxTheme Library
   FileVer:    10.0.14393.0
   ProdVer:    10.0.14393.0

Module 40
C:\WINDOWS\System32\DEVOBJ.dll
Image Base: 0x738c0000  Image Size: 0x00022000
File Size:  132232      File Time:  2016-07-16_124256
Version:
   Company:    Microsoft Corporation
   Product:    Microsoft® Windows® Operating System
   FileDesc:   Device Information Set DLL
   FileVer:    10.0.14393.0
   ProdVer:    10.0.14393.0

Module 41
C:\WINDOWS\SYSTEM32\HID.DLL
Image Base: 0x738f0000  Image Size: 0x0000a000
File Size:  25600       File Time:  2016-07-16_124250
Version:
   Company:    Microsoft Corporation
   Product:    Microsoft® Windows® Operating System
   FileDesc:   Hid User Library
   FileVer:    10.0.14393.0
   ProdVer:    10.0.14393.0

Module 42
C:\WINDOWS\System32\PROPSYS.dll
Image Base: 0x73e20000  Image Size: 0x0014f000
File Size:  1375456     File Time:  2016-07-16_124256
Version:
   Company:    Microsoft Corporation
   Product:    Windows® Search
   FileDesc:   Microsoft Property System
   FileVer:    7.0.14393.0
   ProdVer:    7.0.14393.0

Module 43
C:\WINDOWS\SYSTEM32\ntmarta.dll
Image Base: 0x74020000  Image Size: 0x00028000
File Size:  154432      File Time:  2016-07-16_124256
Version:
   Company:    Microsoft Corporation
   Product:    Microsoft® Windows® Operating System
   FileDesc:   Windows NT MARTA provider
   FileVer:    10.0.14393.0
   ProdVer:    10.0.14393.0

Module 44
C:\WINDOWS\SYSTEM32\bcrypt.dll
Image Base: 0x74070000  Image Size: 0x0001b000
File Size:  106896      File Time:  2016-07-16_124256
Version:
   Company:    Microsoft Corporation
   Product:    Microsoft® Windows® Operating System
   FileDesc:   Windows Cryptographic Primitives Library
   FileVer:    10.0.14393.0
   ProdVer:    10.0.14393.0

Module 45
C:\WINDOWS\SYSTEM32\WINMMBASE.dll
Image Base: 0x74100000  Image Size: 0x00023000
File Size:  131208      File Time:  2016-07-16_124250
Version:
   Company:    Microsoft Corporation
   Product:    Microsoft® Windows® Operating System
   FileDesc:   Base Multimedia Extension API DLL
   FileVer:    10.0.14393.0
   ProdVer:    10.0.14393.0

Module 46
C:\WINDOWS\WinSxS\x86_microsoft.windows.common-controls_6595b64144ccf1df_6.0.14393.447_none_89c64d28dafea4b9\comctl32.dll
Image Base: 0x74150000  Image Size: 0x0020a000
File Size:  2122080     File Time:  2016-11-09_083044
Version:
   Company:    Microsoft Corporation
   Product:    Microsoft® Windows® Operating System
   FileDesc:   User Experience Controls Library
   FileVer:    6.10.14393.447
   ProdVer:    10.0.14393.447

Module 47
C:\WINDOWS\SYSTEM32\WTSAPI32.dll
Image Base: 0x74360000  Image Size: 0x0000f000
File Size:  53216       File Time:  2016-07-16_124306
Version:
   Company:    Microsoft Corporation
   Product:    Microsoft® Windows® Operating System
   FileDesc:   Windows Remote Desktop Session Host Server SDK APIs
   FileVer:    10.0.14393.0
   ProdVer:    10.0.14393.0

Module 48
C:\WINDOWS\SYSTEM32\USERENV.dll
Image Base: 0x74380000  Image Size: 0x0001a000
File Size:  94568       File Time:  2016-07-16_124256
Version:
   Company:    Microsoft Corporation
   Product:    Microsoft® Windows® Operating System
   FileDesc:   Userenv
   FileVer:    10.0.14393.0
   ProdVer:    10.0.14393.0

Module 49
C:\WINDOWS\SYSTEM32\WINMM.dll
Image Base: 0x743a0000  Image Size: 0x00024000
File Size:  135376      File Time:  2016-07-16_124250
Version:
   Company:    Microsoft Corporation
   Product:    Microsoft® Windows® Operating System
   FileDesc:   MCI API DLL
   FileVer:    10.0.14393.0
   ProdVer:    10.0.14393.0

Module 50
C:\WINDOWS\SYSTEM32\VERSION.dll
Image Base: 0x74510000  Image Size: 0x00008000
File Size:  27360       File Time:  2016-07-16_124306
Version:
   Company:    Microsoft Corporation
   Product:    Microsoft® Windows® Operating System
   FileDesc:   Version Checking and File Installation Libraries
   FileVer:    10.0.14393.0
   ProdVer:    10.0.14393.0

Module 51
C:\WINDOWS\System32\CRYPTBASE.dll
Image Base: 0x74540000  Image Size: 0x0000a000
File Size:  31528       File Time:  2016-07-16_124250
Version:
   Company:    Microsoft Corporation
   Product:    Microsoft® Windows® Operating System
   FileDesc:   Base cryptographic API DLL
   FileVer:    10.0.14393.0
   ProdVer:    10.0.14393.0

Module 52
C:\WINDOWS\System32\SspiCli.dll
Image Base: 0x74550000  Image Size: 0x0001e000
File Size:  117240      File Time:  2016-09-26_232402
Version:
   Company:    Microsoft Corporation
   Product:    Microsoft® Windows® Operating System
   FileDesc:   Security Support Provider Interface
   FileVer:    10.0.14393.187
   ProdVer:    10.0.14393.187

Module 53
C:\WINDOWS\System32\SHLWAPI.dll
Image Base: 0x74570000  Image Size: 0x00046000
File Size:  284056      File Time:  2016-07-16_124304
Version:
   Company:    Microsoft Corporation
   Product:    Microsoft® Windows® Operating System
   FileDesc:   Shell Light-weight Utility Library
   FileVer:    10.0.14393.0
   ProdVer:    10.0.14393.0

Module 54
C:\WINDOWS\System32\MSCTF.dll
Image Base: 0x745c0000  Image Size: 0x00135000
File Size:  1263856     File Time:  2016-11-09_083034
Version:
   Company:    Microsoft Corporation
   Product:    Microsoft® Windows® Operating System
   FileDesc:   MSCTF Server DLL
   FileVer:    10.0.14393.447
   ProdVer:    10.0.14393.447

Module 55
C:\WINDOWS\System32\OLEAUT32.dll
Image Base: 0x74700000  Image Size: 0x00094000
File Size:  601712      File Time:  2016-11-09_083034
Version:
   Company:    Microsoft Corporation
   Product:    Microsoft® Windows® Operating System
   FileDesc:   OLEAUT32.DLL
   FileVer:    10.0.14393.447
   ProdVer:    10.0.14393.447

Module 56
C:\WINDOWS\System32\win32u.dll
Image Base: 0x747a0000  Image Size: 0x00015000
File Size:  79536       File Time:  2016-09-26_232356
Version:
   Company:    Microsoft Corporation
   Product:    Microsoft® Windows® Operating System
   FileDesc:   Win32u
   FileVer:    10.0.14393.51
   ProdVer:    10.0.14393.51

Module 57
C:\WINDOWS\System32\bcryptPrimitives.dll
Image Base: 0x747c0000  Image Size: 0x0005a000
File Size:  367208      File Time:  2016-07-16_124228
Version:
   Company:    Microsoft Corporation
   Product:    Microsoft® Windows® Operating System
   FileDesc:   Windows Cryptographic Primitives Library
   FileVer:    10.0.14393.0
   ProdVer:    10.0.14393.0

Module 58
C:\WINDOWS\System32\SETUPAPI.dll
Image Base: 0x74820000  Image Size: 0x0040b000
File Size:  4268368     File Time:  2016-07-16_124246
Version:
   Company:    Microsoft Corporation
   Product:    Microsoft® Windows® Operating System
   FileDesc:   Windows Setup API
   FileVer:    10.0.14393.0
   ProdVer:    10.0.14393.0

Module 59
C:\WINDOWS\System32\shcore.dll
Image Base: 0x74dc0000  Image Size: 0x00088000
File Size:  549088      File Time:  2016-07-16_124244
Version:
   Company:    Microsoft Corporation
   Product:    Microsoft® Windows® Operating System
   FileDesc:   SHCORE
   FileVer:    10.0.14393.0
   ProdVer:    10.0.14393.0

Module 60
C:\WINDOWS\System32\KERNEL32.DLL
Image Base: 0x74e50000  Image Size: 0x000e0000
File Size:  616048      File Time:  2016-07-16_124246
Version:
   Company:    Microsoft Corporation
   Product:    Microsoft® Windows® Operating System
   FileDesc:   Windows NT BASE API Client DLL
   FileVer:    10.0.14393.0
   ProdVer:    10.0.14393.0

Module 61
C:\WINDOWS\System32\combase.dll
Image Base: 0x74f30000  Image Size: 0x00211000
File Size:  2166232     File Time:  2016-10-15_051802
Version:
   Company:    Microsoft Corporation
   Product:    Microsoft® Windows® Operating System
   FileDesc:   Microsoft COM for Windows
   FileVer:    10.0.14393.351
   ProdVer:    10.0.14393.351

Module 62
C:\WINDOWS\System32\ole32.dll
Image Base: 0x751b0000  Image Size: 0x000ea000
File Size:  959112      File Time:  2016-11-09_083040
Version:
   Company:    Microsoft Corporation
   Product:    Microsoft® Windows® Operating System
   FileDesc:   Microsoft OLE for Windows
   FileVer:    10.0.14393.447
   ProdVer:    10.0.14393.447

Module 63
C:\WINDOWS\System32\KERNELBASE.dll
Image Base: 0x752a0000  Image Size: 0x001a1000
File Size:  1705976     File Time:  2016-10-05_110326
Version:
   Company:    Microsoft Corporation
   Product:    Microsoft® Windows® Operating System
   FileDesc:   Windows NT BASE API Client DLL
   FileVer:    10.0.14393.321
   ProdVer:    10.0.14393.321

Module 64
C:\WINDOWS\System32\SHELL32.dll
Image Base: 0x75450000  Image Size: 0x013d9000
File Size:  20969928    File Time:  2016-11-09_083044
Version:
   Company:    Microsoft Corporation
   Product:    Microsoft® Windows® Operating System
   FileDesc:   Windows Shell Common Dll
   FileVer:    10.0.14393.447
   ProdVer:    10.0.14393.447

Module 65
C:\WINDOWS\System32\profapi.dll
Image Base: 0x76840000  Image Size: 0x0000f000
File Size:  54752       File Time:  2016-07-16_124250
Version:
   Company:    Microsoft Corporation
   Product:    Microsoft® Windows® Operating System
   FileDesc:   User Profile Basic API
   FileVer:    10.0.14393.0
   ProdVer:    10.0.14393.0

Module 66
C:\WINDOWS\System32\ADVAPI32.dll
Image Base: 0x76850000  Image Size: 0x00077000
File Size:  482392      File Time:  2016-07-16_124250
Version:
   Company:    Microsoft Corporation
   Product:    Microsoft® Windows® Operating System
   FileDesc:   Advanced Windows 32 Base API
   FileVer:    10.0.14393.0
   ProdVer:    10.0.14393.0

Module 67
C:\WINDOWS\System32\sechost.dll
Image Base: 0x768e0000  Image Size: 0x00041000
File Size:  255168      File Time:  2016-07-16_124250
Version:
   Company:    Microsoft Corporation
   Product:    Microsoft® Windows® Operating System
   FileDesc:   Host for SCM/SDDL/LSA Lookup APIs
   FileVer:    10.0.14393.0
   ProdVer:    10.0.14393.0

Module 68
C:\WINDOWS\System32\NSI.dll
Image Base: 0x76930000  Image Size: 0x00007000
File Size:  20152       File Time:  2016-07-16_124228
Version:
   Company:    Microsoft Corporation
   Product:    Microsoft® Windows® Operating System
   FileDesc:   NSI User-mode interface DLL
   FileVer:    10.0.14393.0
   ProdVer:    10.0.14393.0

Module 69
C:\WINDOWS\System32\kernel.appcore.dll
Image Base: 0x76940000  Image Size: 0x0000d000
File Size:  43416       File Time:  2016-07-16_124256
Version:
   Company:    Microsoft Corporation
   Product:    Microsoft® Windows® Operating System
   FileDesc:   AppModel API Host
   FileVer:    10.0.14393.0
   ProdVer:    10.0.14393.0

Module 70
C:\WINDOWS\System32\USER32.dll
Image Base: 0x76970000  Image Size: 0x0015f000
File Size:  1435896     File Time:  2016-10-15_051124
Version:
   Company:    Microsoft Corporation
   Product:    Microsoft® Windows® Operating System
   FileDesc:   Multi-User Windows USER API Client DLL
   FileVer:    10.0.14393.351
   ProdVer:    10.0.14393.351

Module 71
C:\WINDOWS\System32\clbcatq.dll
Image Base: 0x76ad0000  Image Size: 0x00084000
File Size:  528360      File Time:  2016-07-16_124248
Version:
   Company:    Microsoft Corporation
   Product:    Microsoft® Windows® Operating System
   FileDesc:   COM+ Configuration Catalog
   FileVer:    2001.12.10941.16384
   ProdVer:    10.0.14393.0

Module 72
C:\WINDOWS\System32\GDI32.dll
Image Base: 0x76bc0000  Image Size: 0x0002b000
File Size:  170960      File Time:  2016-09-15_182320
Version:
   Company:    Microsoft Corporation
   Product:    Microsoft® Windows® Operating System
   FileDesc:   GDI Client DLL
   FileVer:    10.0.14393.206
   ProdVer:    10.0.14393.206

Module 73
C:\WINDOWS\System32\RPCRT4.dll
Image Base: 0x76c50000  Image Size: 0x000c1000
File Size:  790760      File Time:  2016-09-26_232402
Version:
   Company:    Microsoft Corporation
   Product:    Microsoft® Windows® Operating System
   FileDesc:   Remote Procedure Call Runtime
   FileVer:    10.0.14393.82
   ProdVer:    10.0.14393.82

Module 74
C:\WINDOWS\System32\PSAPI.DLL
Image Base: 0x76d20000  Image Size: 0x00006000
File Size:  17048       File Time:  2016-07-16_124246
Version:
   Company:    Microsoft Corporation
   Product:    Microsoft® Windows® Operating System
   FileDesc:   Process Status Helper
   FileVer:    10.0.14393.0
   ProdVer:    10.0.14393.0

Module 75
C:\WINDOWS\System32\cfgmgr32.dll
Image Base: 0x76d30000  Image Size: 0x00036000
File Size:  213848      File Time:  2016-07-16_124256
Version:
   Company:    Microsoft Corporation
   Product:    Microsoft® Windows® Operating System
   FileDesc:   Configuration Manager DLL
   FileVer:    10.0.14393.0
   ProdVer:    10.0.14393.0

Module 76
C:\WINDOWS\System32\IMM32.dll
Image Base: 0x76ef0000  Image Size: 0x00025000
File Size:  144632      File Time:  2016-07-16_124250
Version:
   Company:    Microsoft Corporation
   Product:    Microsoft® Windows® Operating System
   FileDesc:   Multi-User Windows IMM32 API Client DLL
   FileVer:    10.0.14393.0
   ProdVer:    10.0.14393.0

Module 77
C:\WINDOWS\System32\powrprof.dll
Image Base: 0x76f20000  Image Size: 0x00045000
File Size:  275832      File Time:  2016-07-16_124256
Version:
   Company:    Microsoft Corporation
   Product:    Microsoft® Windows® Operating System
   FileDesc:   Power Profile Helper DLL
   FileVer:    10.0.14393.0
   ProdVer:    10.0.14393.0

Module 78
C:\WINDOWS\System32\msvcrt.dll
Image Base: 0x770e0000  Image Size: 0x000be000
File Size:  773168      File Time:  2016-07-16_124250
Version:
   Company:    Microsoft Corporation
   Product:    Microsoft® Windows® Operating System
   FileDesc:   Windows NT CRT DLL
   FileVer:    7.0.14393.0
   ProdVer:    10.0.14393.0

Module 79
C:\WINDOWS\System32\gdi32full.dll
Image Base: 0x771a0000  Image Size: 0x0015b000
File Size:  1415744     File Time:  2016-11-09_083034
Version:
   Company:    Microsoft Corporation
   Product:    Microsoft® Windows® Operating System
   FileDesc:   GDI Client DLL
   FileVer:    10.0.14393.447
   ProdVer:    10.0.14393.447

Module 80
C:\WINDOWS\System32\windows.storage.dll
Image Base: 0x77300000  Image Size: 0x0056e000
File Size:  5722320     File Time:  2016-09-15_182242
Version:
   Company:    Microsoft Corporation
   Product:    Microsoft® Windows® Operating System
   FileDesc:   Microsoft WinRT Storage API
   FileVer:    10.0.14393.206
   ProdVer:    10.0.14393.206

Module 81
C:\WINDOWS\System32\msvcp_win.dll
Image Base: 0x77870000  Image Size: 0x0007b000
File Size:  498408      File Time:  2016-07-16_124256
Version:
   Company:    Microsoft Corporation
   Product:    Microsoft® Windows® Operating System
   FileDesc:   Microsoft® C Runtime Library
   FileVer:    10.0.14393.0
   ProdVer:    10.0.14393.0

Module 82
C:\WINDOWS\System32\WS2_32.dll
Image Base: 0x778f0000  Image Size: 0x00063000
File Size:  402352      File Time:  2016-09-15_183706
Version:
   Company:    Microsoft Corporation
   Product:    Microsoft® Windows® Operating System
   FileDesc:   Windows Socket 2.0 32-Bit DLL
   FileVer:    10.0.14393.206
   ProdVer:    10.0.14393.206

Module 83
C:\WINDOWS\System32\ucrtbase.dll
Image Base: 0x779b0000  Image Size: 0x000e0000
File Size:  918304      File Time:  2016-07-16_124256
Version:
   Company:    Microsoft Corporation
   Product:    Microsoft® Windows® Operating System
   FileDesc:   Microsoft® C Runtime Library
   FileVer:    10.0.14393.0
   ProdVer:    10.0.14393.0

Module 84
C:\WINDOWS\SYSTEM32\ntdll.dll
Image Base: 0x77a90000  Image Size: 0x00182000
File Size:  1570672     File Time:  2016-11-09_083044
Version:
   Company:    Microsoft Corporation
   Product:    Microsoft® Windows® Operating System
   FileDesc:   NT Layer DLL
   FileVer:    10.0.14393.447
   ProdVer:    10.0.14393.447


== [end of error.log] ==
